#
# There is insufficient memory for the Java Runtime Environment to continue.
# Native memory allocation (mmap) failed to map 65536 bytes for Failed to commit metaspace.
# Possible reasons:
#   The system is out of physical RAM or swap space
#   The process is running with CompressedOops enabled, and the Java Heap may be blocking the growth of the native heap
# Possible solutions:
#   Reduce memory load on the system
#   Increase physical memory or swap space
#   Check if swap backing store is full
#   Decrease Java heap size (-Xmx/-Xms)
#   Decrease number of Java threads
#   Decrease Java thread stack sizes (-Xss)
#   Set larger code cache with -XX:ReservedCodeCacheSize=
#   JVM is running with Unscaled Compressed Oops mode in which the Java heap is
#     placed in the first 4GB address space. The Java Heap base address is the
#     maximum limit for the native heap growth. Please use -XX:HeapBaseMinAddress
#     to set the Java Heap base and to place the Java Heap above 4GB virtual address.
# This output file may be truncated or incomplete.
#
#  Out of Memory Error (virtualSpaceNode.cpp:110), pid=5328, tid=13268
#
# JRE version: OpenJDK Runtime Environment Temurin-17.0.8.1+1 (17.0.8.1+1) (build 17.0.8.1+1)
# Java VM: OpenJDK 64-Bit Server VM Temurin-17.0.8.1+1 (17.0.8.1+1, mixed mode, tiered, compressed oops, compressed class ptrs, parallel gc, windows-amd64)
# No core dump will be written. Minidumps are not enabled by default on client versions of Windows
#

---------------  S U M M A R Y ------------

Command Line: --add-modules=ALL-SYSTEM --add-opens=java.base/java.util=ALL-UNNAMED --add-opens=java.base/java.lang=ALL-UNNAMED --add-opens=java.base/sun.nio.fs=ALL-UNNAMED -Declipse.application=org.eclipse.jdt.ls.core.id1 -Dosgi.bundles.defaultStartLevel=4 -Declipse.product=org.eclipse.jdt.ls.core.product -Djava.import.generatesMetadataFilesAtProjectRoot=false -DDetectVMInstallationsJob.disabled=true -Dfile.encoding=utf8 -XX:+UseParallelGC -XX:GCTimeRatio=4 -XX:AdaptiveSizePolicyWeight=90 -Dsun.zip.disableMemoryMapping=true -Xmx1G -Xms100m -Xlog:disable -javaagent:c:\Users\Pedro Lazaro\.vscode\extensions\redhat.java-1.23.0-win32-x64\lombok\lombok-1.18.30.jar c:\Users\Pedro Lazaro\.vscode\extensions\redhat.java-1.23.0-win32-x64\server\plugins\org.eclipse.equinox.launcher_1.6.500.v20230717-2134.jar -configuration c:\Users\Pedro Lazaro\AppData\Roaming\Code\User\globalStorage\redhat.java\1.23.0\config_ss_win -data c:\Users\Pedro Lazaro\AppData\Roaming\Code\User\workspaceStorage\9da8e83c8e456c414514d19a346950fd\redhat.java\ss_ws

Host: Intel(R) Core(TM) i5-7360U CPU @ 2.30GHz, 4 cores, 7G,  Windows 10 , 64 bit Build 19041 (10.0.19041.3393)
Time: Tue Oct 24 21:24:56 2023 Hora de verano romance elapsed time: 1.293087 seconds (0d 0h 0m 1s)

---------------  T H R E A D  ---------------

Current thread (0x000001eabd34ec80):  JavaThread "main" [_thread_in_vm, id=13268, stack(0x0000001730600000,0x0000001730700000)]

Stack: [0x0000001730600000,0x0000001730700000]
Native frames: (J=compiled Java code, j=interpreted, Vv=VM code, C=native code)
V  [jvm.dll+0x678b0a]
V  [jvm.dll+0x835e84]
V  [jvm.dll+0x83762e]
V  [jvm.dll+0x837c93]
V  [jvm.dll+0x24746f]
V  [jvm.dll+0x831f1b]
V  [jvm.dll+0x61d3c6]
V  [jvm.dll+0x1c1aae]
V  [jvm.dll+0x61fd21]
V  [jvm.dll+0x61dd66]
V  [jvm.dll+0x36dea2]
V  [jvm.dll+0x1e35ab]
V  [jvm.dll+0x53fbc9]
V  [jvm.dll+0x1f2607]
V  [jvm.dll+0x7b06ab]
V  [jvm.dll+0x7b1a52]
V  [jvm.dll+0x415e85]
C  [java.dll+0x1a55]

Java frames: (J=compiled Java code, j=interpreted, Vv=VM code)
j  java.lang.ClassLoader.findBootstrapClass(Ljava/lang/String;)Ljava/lang/Class;+0 java.base@17.0.8.1
j  java.lang.ClassLoader.findBootstrapClassOrNull(Ljava/lang/String;)Ljava/lang/Class;+10 java.base@17.0.8.1
j  java.lang.System$2.findBootstrapClassOrNull(Ljava/lang/String;)Ljava/lang/Class;+1 java.base@17.0.8.1
j  jdk.internal.loader.ClassLoaders$BootClassLoader.loadClassOrNull(Ljava/lang/String;Z)Ljava/lang/Class;+4 java.base@17.0.8.1
j  jdk.internal.loader.BuiltinClassLoader.loadClassOrNull(Ljava/lang/String;)Ljava/lang/Class;+3 java.base@17.0.8.1
j  jdk.internal.loader.BuiltinClassLoader.loadClassOrNull(Ljava/lang/String;Z)Ljava/lang/Class;+66 java.base@17.0.8.1
j  jdk.internal.loader.BuiltinClassLoader.loadClass(Ljava/lang/String;Z)Ljava/lang/Class;+3 java.base@17.0.8.1
j  java.lang.ClassLoader.loadClass(Ljava/lang/String;Z)Ljava/lang/Class;+38 java.base@17.0.8.1
j  java.lang.ClassLoader.loadClass(Ljava/lang/String;)Ljava/lang/Class;+3 java.base@17.0.8.1
v  ~StubRoutines::call_stub
j  java.lang.Class.getDeclaredMethods0(Z)[Ljava/lang/reflect/Method;+0 java.base@17.0.8.1
j  java.lang.Class.privateGetDeclaredMethods(Z)[Ljava/lang/reflect/Method;+34 java.base@17.0.8.1
j  java.lang.Class.getDeclaredMethod(Ljava/lang/String;[Ljava/lang/Class;)Ljava/lang/reflect/Method;+25 java.base@17.0.8.1
j  org.eclipse.equinox.launcher.Main.invokeFramework([Ljava/lang/String;[Ljava/net/URL;)V+177
j  org.eclipse.equinox.launcher.Main.basicRun([Ljava/lang/String;)V+159
j  org.eclipse.equinox.launcher.Main.run([Ljava/lang/String;)I+4
j  org.eclipse.equinox.launcher.Main.main([Ljava/lang/String;)V+10
v  ~StubRoutines::call_stub

---------------  P R O C E S S  ---------------

Threads class SMR info:
_java_thread_list=0x000001ead6650a10, length=13, elements={
0x000001eabd34ec80, 0x000001eabd40d540, 0x000001ead116e3b0, 0x000001ead1194030,
0x000001ead1194dc0, 0x000001ead1197960, 0x000001ead1199240, 0x000001ead1199ef0,
0x000001ead636ec60, 0x000001ead6373940, 0x000001ead641d280, 0x000001ead6637870,
0x000001ead6638760
}

Java Threads: ( => current thread )
=>0x000001eabd34ec80 JavaThread "main" [_thread_in_vm, id=13268, stack(0x0000001730600000,0x0000001730700000)]
  0x000001eabd40d540 JavaThread "Reference Handler" daemon [_thread_blocked, id=8072, stack(0x0000001730900000,0x0000001730a00000)]
  0x000001ead116e3b0 JavaThread "Finalizer" daemon [_thread_blocked, id=16496, stack(0x0000001730a00000,0x0000001730b00000)]
  0x000001ead1194030 JavaThread "Signal Dispatcher" daemon [_thread_blocked, id=13720, stack(0x0000001730b00000,0x0000001730c00000)]
  0x000001ead1194dc0 JavaThread "Attach Listener" daemon [_thread_blocked, id=2220, stack(0x0000001730c00000,0x0000001730d00000)]
  0x000001ead1197960 JavaThread "Service Thread" daemon [_thread_blocked, id=2252, stack(0x0000001730d00000,0x0000001730e00000)]
  0x000001ead1199240 JavaThread "Monitor Deflation Thread" daemon [_thread_blocked, id=1272, stack(0x0000001730e00000,0x0000001730f00000)]
  0x000001ead1199ef0 JavaThread "C2 CompilerThread0" daemon [_thread_blocked, id=17924, stack(0x0000001730f00000,0x0000001731000000)]
  0x000001ead636ec60 JavaThread "C1 CompilerThread0" daemon [_thread_blocked, id=13972, stack(0x0000001731000000,0x0000001731100000)]
  0x000001ead6373940 JavaThread "Sweeper thread" daemon [_thread_blocked, id=1464, stack(0x0000001731100000,0x0000001731200000)]
  0x000001ead641d280 JavaThread "Common-Cleaner" daemon [_thread_blocked, id=17980, stack(0x0000001731200000,0x0000001731300000)]
  0x000001ead6637870 JavaThread "C2 CompilerThread1" daemon [_thread_blocked, id=17892, stack(0x0000001731300000,0x0000001731400000)]
  0x000001ead6638760 JavaThread "Notification Thread" daemon [_thread_blocked, id=17380, stack(0x0000001731400000,0x0000001731500000)]

Other Threads:
  0x000001eabd402470 VMThread "VM Thread" [stack: 0x0000001730800000,0x0000001730900000] [id=8252]
  0x000001ead666f600 WatcherThread [stack: 0x0000001731500000,0x0000001731600000] [id=4100]
  0x000001eabd364110 GCTaskThread "GC Thread#0" [stack: 0x0000001730700000,0x0000001730800000] [id=11680]

Threads with active compile tasks:

VM state: not at safepoint (normal execution)

VM Mutex/Monitor currently owned by a thread:  ([mutex/lock_event])
[0x000001eabd348fc0] Metaspace_lock - owner thread: 0x000001eabd34ec80

Heap address: 0x00000000c0000000, size: 1024 MB, Compressed Oops mode: 32-bit

CDS archive(s) not mapped
Compressed class space mapped at: 0x0000000100000000-0x0000000140000000, reserved size: 1073741824
Narrow klass base: 0x0000000000000000, Narrow klass shift: 3, Narrow klass range: 0x140000000

GC Precious Log:
 CPUs: 4 total, 4 available
 Memory: 8057M
 Large Page Support: Disabled
 NUMA Support: Disabled
 Compressed Oops: Enabled (32-bit)
 Alignments: Space 512K, Generation 512K, Heap 2M
 Heap Min Capacity: 100M
 Heap Initial Capacity: 100M
 Heap Max Capacity: 1G
 Pre-touch: Disabled
 Parallel Workers: 4

Heap:
 PSYoungGen      total 29696K, used 17435K [0x00000000eab00000, 0x00000000ecc00000, 0x0000000100000000)
  eden space 25600K, 68% used [0x00000000eab00000,0x00000000ebc06f30,0x00000000ec400000)
  from space 4096K, 0% used [0x00000000ec800000,0x00000000ec800000,0x00000000ecc00000)
  to   space 4096K, 0% used [0x00000000ec400000,0x00000000ec400000,0x00000000ec800000)
 ParOldGen       total 68608K, used 0K [0x00000000c0000000, 0x00000000c4300000, 0x00000000eab00000)
  object space 68608K, 0% used [0x00000000c0000000,0x00000000c0000000,0x00000000c4300000)
 Metaspace       used 9459K, committed 9600K, reserved 1114112K
  class space    used 933K, committed 960K, reserved 1048576K

Card table byte_map: [0x000001eabccf0000,0x000001eabcf00000] _byte_map_base: 0x000001eabc6f0000

Marking Bits: (ParMarkBitMap*) 0x00007fffea5c83a0
 Begin Bits: [0x000001eacefd0000, 0x000001eacffd0000)
 End Bits:   [0x000001eacffd0000, 0x000001ead0fd0000)

Polling page: 0x000001eabb1e0000

Metaspace:

Usage:
  Non-class:      8.33 MB used.
      Class:    933.77 KB used.
       Both:      9.24 MB used.

Virtual space:
  Non-class space:       64.00 MB reserved,       8.44 MB ( 13%) committed,  1 nodes.
      Class space:        1.00 GB reserved,     960.00 KB ( <1%) committed,  1 nodes.
             Both:        1.06 GB reserved,       9.38 MB ( <1%) committed. 

Chunk freelists:
   Non-Class:  6.87 MB
       Class:  15.01 MB
        Both:  21.88 MB

MaxMetaspaceSize: unlimited
CompressedClassSpaceSize: 1.00 GB
Initial GC threshold: 21.00 MB
Current GC threshold: 21.00 MB
CDS: off
MetaspaceReclaimPolicy: balanced
 - commit_granule_bytes: 65536.
 - commit_granule_words: 8192.
 - virtual_space_node_default_size: 8388608.
 - enlarge_chunks_in_place: 1.
 - new_chunks_are_fully_committed: 0.
 - uncommit_free_chunks: 1.
 - use_allocation_guard: 0.
 - handle_deallocations: 1.


Internal statistics:

num_allocs_failed_limit: 0.
num_arena_births: 14.
num_arena_deaths: 0.
num_vsnodes_births: 2.
num_vsnodes_deaths: 0.
num_space_committed: 150.
num_space_uncommitted: 0.
num_chunks_returned_to_freelist: 0.
num_chunks_taken_from_freelist: 57.
num_chunk_merges: 0.
num_chunk_splits: 34.
num_chunks_enlarged: 25.
num_inconsistent_stats: 0.

CodeHeap 'non-profiled nmethods': size=120000Kb used=342Kb max_used=342Kb free=119657Kb
 bounds [0x000001eac7aa0000, 0x000001eac7d10000, 0x000001eacefd0000]
CodeHeap 'profiled nmethods': size=120000Kb used=1195Kb max_used=1195Kb free=118804Kb
 bounds [0x000001eabffd0000, 0x000001eac0240000, 0x000001eac7500000]
CodeHeap 'non-nmethods': size=5760Kb used=1135Kb max_used=1164Kb free=4624Kb
 bounds [0x000001eac7500000, 0x000001eac7770000, 0x000001eac7aa0000]
 total_blobs=1171 nmethods=746 adapters=340
 compilation: enabled
              stopped_count=0, restarted_count=0
 full_count=0

Compilation events (20 events):
Event: 1.252 Thread 0x000001ead636ec60 nmethod 737 0x000001eac00f5910 code [0x000001eac00f5ae0, 0x000001eac00f60f8]
Event: 1.252 Thread 0x000001ead636ec60  738       3       sun.security.util.SignatureFileVerifier::updateSigners (132 bytes)
Event: 1.253 Thread 0x000001ead636ec60 nmethod 738 0x000001eac00f6390 code [0x000001eac00f6640, 0x000001eac00f75b8]
Event: 1.253 Thread 0x000001ead636ec60  739       3       sun.security.util.SignatureFileVerifier::matches (93 bytes)
Event: 1.254 Thread 0x000001ead636ec60 nmethod 739 0x000001eac00f7c10 code [0x000001eac00f7e40, 0x000001eac00f86f8]
Event: 1.254 Thread 0x000001ead6637870 nmethod 734 0x000001eac7af3610 code [0x000001eac7af37c0, 0x000001eac7af4298]
Event: 1.262 Thread 0x000001ead6637870  740       4       java.util.concurrent.ConcurrentHashMap::get (162 bytes)
Event: 1.266 Thread 0x000001ead6637870 nmethod 740 0x000001eac7af4710 code [0x000001eac7af48a0, 0x000001eac7af4b98]
Event: 1.269 Thread 0x000001ead636ec60  741       3       jdk.internal.reflect.ClassFileAssembler::emitByte (11 bytes)
Event: 1.269 Thread 0x000001ead636ec60 nmethod 741 0x000001eac00f8a10 code [0x000001eac00f8bc0, 0x000001eac00f8d48]
Event: 1.269 Thread 0x000001ead636ec60  742       3       jdk.internal.reflect.ByteVectorImpl::add (38 bytes)
Event: 1.269 Thread 0x000001ead636ec60 nmethod 742 0x000001eac00f8e90 code [0x000001eac00f9040, 0x000001eac00f9208]
Event: 1.271 Thread 0x000001ead636ec60  743       3       lombok.eclipse.agent.EclipsePatcher$1::shouldTransform (79 bytes)
Event: 1.272 Thread 0x000001ead636ec60 nmethod 743 0x000001eac00f9310 code [0x000001eac00f9620, 0x000001eac00fa8b8]
Event: 1.275 Thread 0x000001ead1199ef0  744 %     4       java.lang.StringLatin1::lastIndexOf @ 18 (40 bytes)
Event: 1.278 Thread 0x000001ead1199ef0 nmethod 744% 0x000001eac7af4e90 code [0x000001eac7af5000, 0x000001eac7af51d8]
Event: 1.281 Thread 0x000001ead6637870  745       4       java.lang.StringLatin1::lastIndexOf (40 bytes)
Event: 1.284 Thread 0x000001ead6637870 nmethod 745 0x000001eac7af5310 code [0x000001eac7af5480, 0x000001eac7af5618]
Event: 1.284 Thread 0x000001ead6637870  746       4       java.lang.String::checkBoundsBeginEnd (63 bytes)
Event: 1.285 Thread 0x000001ead6637870 nmethod 746 0x000001eac7af5710 code [0x000001eac7af5880, 0x000001eac7af5938]

GC Heap History (0 events):
No events

Dll operation events (8 events):
Event: 0.016 Loaded shared library c:\Users\Pedro Lazaro\.vscode\extensions\redhat.java-1.23.0-win32-x64\jre\17.0.8.1-win32-x86_64\bin\java.dll
Event: 0.355 Loaded shared library c:\Users\Pedro Lazaro\.vscode\extensions\redhat.java-1.23.0-win32-x64\jre\17.0.8.1-win32-x86_64\bin\zip.dll
Event: 0.360 Loaded shared library C:\Users\Pedro Lazaro\.vscode\extensions\redhat.java-1.23.0-win32-x64\jre\17.0.8.1-win32-x86_64\bin\instrument.dll
Event: 0.374 Loaded shared library C:\Users\Pedro Lazaro\.vscode\extensions\redhat.java-1.23.0-win32-x64\jre\17.0.8.1-win32-x86_64\bin\net.dll
Event: 0.377 Loaded shared library C:\Users\Pedro Lazaro\.vscode\extensions\redhat.java-1.23.0-win32-x64\jre\17.0.8.1-win32-x86_64\bin\nio.dll
Event: 0.387 Loaded shared library C:\Users\Pedro Lazaro\.vscode\extensions\redhat.java-1.23.0-win32-x64\jre\17.0.8.1-win32-x86_64\bin\zip.dll
Event: 0.410 Loaded shared library C:\Users\Pedro Lazaro\.vscode\extensions\redhat.java-1.23.0-win32-x64\jre\17.0.8.1-win32-x86_64\bin\jimage.dll
Event: 0.508 Loaded shared library c:\Users\Pedro Lazaro\.vscode\extensions\redhat.java-1.23.0-win32-x64\jre\17.0.8.1-win32-x86_64\bin\verify.dll

Deoptimization events (20 events):
Event: 1.248 Thread 0x000001eabd34ec80 DEOPT PACKING pc=0x000001eac00abf32 sp=0x00000017306fe800
Event: 1.248 Thread 0x000001eabd34ec80 DEOPT UNPACKING pc=0x000001eac7556e43 sp=0x00000017306fdc58 mode 0
Event: 1.248 Thread 0x000001eabd34ec80 DEOPT PACKING pc=0x000001eac00abf32 sp=0x00000017306fe800
Event: 1.248 Thread 0x000001eabd34ec80 DEOPT UNPACKING pc=0x000001eac7556e43 sp=0x00000017306fdc58 mode 0
Event: 1.248 Thread 0x000001eabd34ec80 DEOPT PACKING pc=0x000001eac00abf32 sp=0x00000017306fe800
Event: 1.248 Thread 0x000001eabd34ec80 DEOPT UNPACKING pc=0x000001eac7556e43 sp=0x00000017306fdc58 mode 0
Event: 1.248 Thread 0x000001eabd34ec80 DEOPT PACKING pc=0x000001eac00abf32 sp=0x00000017306fe800
Event: 1.248 Thread 0x000001eabd34ec80 DEOPT UNPACKING pc=0x000001eac7556e43 sp=0x00000017306fdc58 mode 0
Event: 1.249 Thread 0x000001eabd34ec80 DEOPT PACKING pc=0x000001eac00abf32 sp=0x00000017306fe800
Event: 1.249 Thread 0x000001eabd34ec80 DEOPT UNPACKING pc=0x000001eac7556e43 sp=0x00000017306fdc58 mode 0
Event: 1.250 Thread 0x000001eabd34ec80 DEOPT PACKING pc=0x000001eac00abf32 sp=0x00000017306fe800
Event: 1.250 Thread 0x000001eabd34ec80 DEOPT UNPACKING pc=0x000001eac7556e43 sp=0x00000017306fdc58 mode 0
Event: 1.250 Thread 0x000001eabd34ec80 DEOPT PACKING pc=0x000001eac00abf32 sp=0x00000017306fe800
Event: 1.250 Thread 0x000001eabd34ec80 DEOPT UNPACKING pc=0x000001eac7556e43 sp=0x00000017306fdc58 mode 0
Event: 1.254 Thread 0x000001eabd34ec80 DEOPT PACKING pc=0x000001eac00abf32 sp=0x00000017306feae0
Event: 1.254 Thread 0x000001eabd34ec80 DEOPT UNPACKING pc=0x000001eac7556e43 sp=0x00000017306fdf38 mode 0
Event: 1.254 Thread 0x000001eabd34ec80 DEOPT PACKING pc=0x000001eac00abf32 sp=0x00000017306feae0
Event: 1.254 Thread 0x000001eabd34ec80 DEOPT UNPACKING pc=0x000001eac7556e43 sp=0x00000017306fdf38 mode 0
Event: 1.281 Thread 0x000001eabd34ec80 DEOPT PACKING pc=0x000001eac001432d sp=0x00000017306fad50
Event: 1.281 Thread 0x000001eabd34ec80 DEOPT UNPACKING pc=0x000001eac7556e43 sp=0x00000017306fa1e8 mode 0

Classes unloaded (0 events):
No events

Classes redefined (0 events):
No events

Internal exceptions (10 events):
Event: 0.323 Thread 0x000001eabd34ec80 Exception <a 'java/lang/NoSuchMethodError'{0x00000000eacb2230}: 'void java.lang.invoke.DirectMethodHandle$Holder.invokeStatic(java.lang.Object, java.lang.Object, java.lang.Object)'> (0x00000000eacb2230) 
thrown [s\src\hotspot\share\interpreter\linkResolver.cpp, line 759]
Event: 0.560 Thread 0x000001eabd34ec80 Exception <a 'java/lang/reflect/InvocationTargetException'{0x00000000eaff34d8}> (0x00000000eaff34d8) 
thrown [s\src\hotspot\share\runtime\reflection.cpp, line 1121]
Event: 0.971 Thread 0x000001eabd34ec80 Exception <a 'java/lang/ClassNotFoundException'{0x00000000eb85e1e0}: sun/net/www/protocol/c/Handler> (0x00000000eb85e1e0) 
thrown [s\src\hotspot\share\classfile\systemDictionary.cpp, line 256]
Event: 0.976 Thread 0x000001eabd34ec80 Exception <a 'java/io/FileNotFoundException'{0x00000000eb8720b8}> (0x00000000eb8720b8) 
thrown [s\src\hotspot\share\prims\jni.cpp, line 516]
Event: 0.977 Thread 0x000001eabd34ec80 Exception <a 'java/io/FileNotFoundException'{0x00000000eb872e58}> (0x00000000eb872e58) 
thrown [s\src\hotspot\share\prims\jni.cpp, line 516]
Event: 0.979 Thread 0x000001eabd34ec80 Exception <a 'java/io/FileNotFoundException'{0x00000000eb873bd8}> (0x00000000eb873bd8) 
thrown [s\src\hotspot\share\prims\jni.cpp, line 516]
Event: 0.979 Thread 0x000001eabd34ec80 Exception <a 'java/io/FileNotFoundException'{0x00000000eb874928}> (0x00000000eb874928) 
thrown [s\src\hotspot\share\prims\jni.cpp, line 516]
Event: 0.993 Thread 0x000001eabd34ec80 Implicit null exception at 0x000001eac7ac5372 to 0x000001eac7ac58c0
Event: 0.993 Thread 0x000001eabd34ec80 Implicit null exception at 0x000001eac7ac5f72 to 0x000001eac7ac64d4
Event: 0.998 Thread 0x000001eabd34ec80 Exception <a 'java/io/FileNotFoundException'{0x00000000eb8af408}> (0x00000000eb8af408) 
thrown [s\src\hotspot\share\prims\jni.cpp, line 516]

VM Operations (8 events):
Event: 0.334 Executing VM operation: HandshakeAllThreads
Event: 0.334 Executing VM operation: HandshakeAllThreads done
Event: 0.436 Executing VM operation: HandshakeAllThreads
Event: 0.436 Executing VM operation: HandshakeAllThreads done
Event: 0.930 Executing VM operation: HandshakeAllThreads
Event: 0.930 Executing VM operation: HandshakeAllThreads done
Event: 0.963 Executing VM operation: HandshakeAllThreads
Event: 0.963 Executing VM operation: HandshakeAllThreads done

Events (20 events):
Event: 1.268 loading class jdk/internal/reflect/ByteVectorImpl done
Event: 1.269 loading class jdk/internal/reflect/ClassFileAssembler
Event: 1.269 loading class jdk/internal/reflect/ClassFileAssembler done
Event: 1.269 loading class jdk/internal/reflect/UTF8
Event: 1.269 loading class jdk/internal/reflect/UTF8 done
Event: 1.270 loading class jdk/internal/reflect/Label
Event: 1.270 loading class jdk/internal/reflect/Label done
Event: 1.270 loading class jdk/internal/reflect/Label$PatchInfo
Event: 1.270 loading class jdk/internal/reflect/Label$PatchInfo done
Event: 1.270 loading class jdk/internal/reflect/MethodAccessorGenerator$1
Event: 1.270 loading class jdk/internal/reflect/MethodAccessorGenerator$1 done
Event: 1.270 loading class jdk/internal/reflect/ClassDefiner
Event: 1.270 loading class jdk/internal/reflect/ClassDefiner done
Event: 1.271 loading class jdk/internal/reflect/ClassDefiner$1
Event: 1.271 loading class jdk/internal/reflect/ClassDefiner$1 done
Event: 1.271 loading class jdk/internal/reflect/BootstrapConstructorAccessorImpl
Event: 1.271 loading class jdk/internal/reflect/BootstrapConstructorAccessorImpl done
Event: 1.274 loading class java/util/EventListener
Event: 1.275 loading class java/util/EventListener done
Event: 1.286 loading class java/lang/InterruptedException


Dynamic libraries:
0x00007ff7b6520000 - 0x00007ff7b652e000 	c:\Users\Pedro Lazaro\.vscode\extensions\redhat.java-1.23.0-win32-x64\jre\17.0.8.1-win32-x86_64\bin\java.exe
0x00007ff83bf70000 - 0x00007ff83c168000 	C:\WINDOWS\SYSTEM32\ntdll.dll
0x00007ff83bc80000 - 0x00007ff83bd3d000 	C:\WINDOWS\System32\KERNEL32.DLL
0x00007ff839650000 - 0x00007ff839946000 	C:\WINDOWS\System32\KERNELBASE.dll
0x00007ff839e60000 - 0x00007ff839f60000 	C:\WINDOWS\System32\ucrtbase.dll
0x00007ff834ca0000 - 0x00007ff834cb7000 	c:\Users\Pedro Lazaro\.vscode\extensions\redhat.java-1.23.0-win32-x64\jre\17.0.8.1-win32-x86_64\bin\jli.dll
0x00007ff829420000 - 0x00007ff829439000 	c:\Users\Pedro Lazaro\.vscode\extensions\redhat.java-1.23.0-win32-x64\jre\17.0.8.1-win32-x86_64\bin\VCRUNTIME140.dll
0x00007ff83a3d0000 - 0x00007ff83a56e000 	C:\WINDOWS\System32\USER32.dll
0x00007ff8399f0000 - 0x00007ff839a12000 	C:\WINDOWS\System32\win32u.dll
0x00007ff83a100000 - 0x00007ff83a12c000 	C:\WINDOWS\System32\GDI32.dll
0x00007ff839b50000 - 0x00007ff839c6a000 	C:\WINDOWS\System32\gdi32full.dll
0x00007ff826490000 - 0x00007ff82672a000 	C:\WINDOWS\WinSxS\amd64_microsoft.windows.common-controls_6595b64144ccf1df_6.0.19041.1110_none_60b5254171f9507e\COMCTL32.dll
0x00007ff839950000 - 0x00007ff8399ed000 	C:\WINDOWS\System32\msvcp_win.dll
0x00007ff83be80000 - 0x00007ff83bf1e000 	C:\WINDOWS\System32\msvcrt.dll
0x00007ff83bdf0000 - 0x00007ff83be20000 	C:\WINDOWS\System32\IMM32.DLL
0x00007ff832540000 - 0x00007ff83254c000 	c:\Users\Pedro Lazaro\.vscode\extensions\redhat.java-1.23.0-win32-x64\jre\17.0.8.1-win32-x86_64\bin\vcruntime140_1.dll
0x00007ff823ee0000 - 0x00007ff823f71000 	c:\Users\Pedro Lazaro\.vscode\extensions\redhat.java-1.23.0-win32-x64\jre\17.0.8.1-win32-x86_64\bin\msvcp140.dll
0x00007fffe9a40000 - 0x00007fffea68c000 	c:\Users\Pedro Lazaro\.vscode\extensions\redhat.java-1.23.0-win32-x64\jre\17.0.8.1-win32-x86_64\bin\server\jvm.dll
0x00007ff83bd40000 - 0x00007ff83bdee000 	C:\WINDOWS\System32\ADVAPI32.dll
0x00007ff83a2b0000 - 0x00007ff83a34c000 	C:\WINDOWS\System32\sechost.dll
0x00007ff83a940000 - 0x00007ff83aa66000 	C:\WINDOWS\System32\RPCRT4.dll
0x00007ff8394a0000 - 0x00007ff8394eb000 	C:\WINDOWS\SYSTEM32\POWRPROF.dll
0x00007ff82ac40000 - 0x00007ff82ac49000 	C:\WINDOWS\SYSTEM32\WSOCK32.dll
0x00007ff83a8d0000 - 0x00007ff83a93b000 	C:\WINDOWS\System32\WS2_32.dll
0x00007ff822810000 - 0x00007ff822837000 	C:\WINDOWS\SYSTEM32\WINMM.dll
0x00007ff836c00000 - 0x00007ff836c0a000 	C:\WINDOWS\SYSTEM32\VERSION.dll
0x00007ff839480000 - 0x00007ff839492000 	C:\WINDOWS\SYSTEM32\UMPDC.dll
0x00007ff837e70000 - 0x00007ff837e82000 	C:\WINDOWS\SYSTEM32\kernel.appcore.dll
0x00007ff831e30000 - 0x00007ff831e3a000 	c:\Users\Pedro Lazaro\.vscode\extensions\redhat.java-1.23.0-win32-x64\jre\17.0.8.1-win32-x86_64\bin\jimage.dll
0x00007ff824030000 - 0x00007ff824214000 	C:\WINDOWS\SYSTEM32\DBGHELP.DLL
0x00007ff8234c0000 - 0x00007ff8234f4000 	C:\WINDOWS\SYSTEM32\dbgcore.DLL
0x00007ff839c70000 - 0x00007ff839cf2000 	C:\WINDOWS\System32\bcryptPrimitives.dll
0x00007ff831da0000 - 0x00007ff831dae000 	c:\Users\Pedro Lazaro\.vscode\extensions\redhat.java-1.23.0-win32-x64\jre\17.0.8.1-win32-x86_64\bin\instrument.dll
0x00007ff8293f0000 - 0x00007ff829415000 	c:\Users\Pedro Lazaro\.vscode\extensions\redhat.java-1.23.0-win32-x64\jre\17.0.8.1-win32-x86_64\bin\java.dll
0x00007ff8293d0000 - 0x00007ff8293e8000 	c:\Users\Pedro Lazaro\.vscode\extensions\redhat.java-1.23.0-win32-x64\jre\17.0.8.1-win32-x86_64\bin\zip.dll
0x00007ff83b530000 - 0x00007ff83bc75000 	C:\WINDOWS\System32\SHELL32.dll
0x00007ff8376c0000 - 0x00007ff837e5b000 	C:\WINDOWS\SYSTEM32\windows.storage.dll
0x00007ff83a570000 - 0x00007ff83a8c4000 	C:\WINDOWS\System32\combase.dll
0x00007ff838fc0000 - 0x00007ff838fee000 	C:\WINDOWS\SYSTEM32\Wldp.dll
0x00007ff83a050000 - 0x00007ff83a0fd000 	C:\WINDOWS\System32\SHCORE.dll
0x00007ff83af90000 - 0x00007ff83afe5000 	C:\WINDOWS\System32\shlwapi.dll
0x00007ff839580000 - 0x00007ff8395a5000 	C:\WINDOWS\SYSTEM32\profapi.dll
0x00007ff829110000 - 0x00007ff829129000 	C:\Users\Pedro Lazaro\.vscode\extensions\redhat.java-1.23.0-win32-x64\jre\17.0.8.1-win32-x86_64\bin\net.dll
0x00007ff82b390000 - 0x00007ff82b49a000 	C:\WINDOWS\SYSTEM32\WINHTTP.dll
0x00007ff838d20000 - 0x00007ff838d8a000 	C:\WINDOWS\system32\mswsock.dll
0x00007ff828fb0000 - 0x00007ff828fc5000 	C:\Users\Pedro Lazaro\.vscode\extensions\redhat.java-1.23.0-win32-x64\jre\17.0.8.1-win32-x86_64\bin\nio.dll
0x00007ff831d70000 - 0x00007ff831d80000 	c:\Users\Pedro Lazaro\.vscode\extensions\redhat.java-1.23.0-win32-x64\jre\17.0.8.1-win32-x86_64\bin\verify.dll

dbghelp: loaded successfully - version: 4.0.5 - missing functions: none
symbol engine: initialized successfully - sym options: 0x614 - pdb path: .;c:\Users\Pedro Lazaro\.vscode\extensions\redhat.java-1.23.0-win32-x64\jre\17.0.8.1-win32-x86_64\bin;C:\WINDOWS\SYSTEM32;C:\WINDOWS\WinSxS\amd64_microsoft.windows.common-controls_6595b64144ccf1df_6.0.19041.1110_none_60b5254171f9507e;c:\Users\Pedro Lazaro\.vscode\extensions\redhat.java-1.23.0-win32-x64\jre\17.0.8.1-win32-x86_64\bin\server

VM Arguments:
jvm_args: --add-modules=ALL-SYSTEM --add-opens=java.base/java.util=ALL-UNNAMED --add-opens=java.base/java.lang=ALL-UNNAMED --add-opens=java.base/sun.nio.fs=ALL-UNNAMED -Declipse.application=org.eclipse.jdt.ls.core.id1 -Dosgi.bundles.defaultStartLevel=4 -Declipse.product=org.eclipse.jdt.ls.core.product -Djava.import.generatesMetadataFilesAtProjectRoot=false -DDetectVMInstallationsJob.disabled=true -Dfile.encoding=utf8 -XX:+UseParallelGC -XX:GCTimeRatio=4 -XX:AdaptiveSizePolicyWeight=90 -Dsun.zip.disableMemoryMapping=true -Xmx1G -Xms100m -Xlog:disable -javaagent:c:\Users\Pedro Lazaro\.vscode\extensions\redhat.java-1.23.0-win32-x64\lombok\lombok-1.18.30.jar 
java_command: c:\Users\Pedro Lazaro\.vscode\extensions\redhat.java-1.23.0-win32-x64\server\plugins\org.eclipse.equinox.launcher_1.6.500.v20230717-2134.jar -configuration c:\Users\Pedro Lazaro\AppData\Roaming\Code\User\globalStorage\redhat.java\1.23.0\config_ss_win -data c:\Users\Pedro Lazaro\AppData\Roaming\Code\User\workspaceStorage\9da8e83c8e456c414514d19a346950fd\redhat.java\ss_ws
java_class_path (initial): c:\Users\Pedro Lazaro\.vscode\extensions\redhat.java-1.23.0-win32-x64\server\plugins\org.eclipse.equinox.launcher_1.6.500.v20230717-2134.jar
Launcher Type: SUN_STANDARD

[Global flags]
    uintx AdaptiveSizePolicyWeight                 = 90                                        {product} {command line}
     intx CICompilerCount                          = 3                                         {product} {ergonomic}
    uintx GCTimeRatio                              = 4                                         {product} {command line}
   size_t InitialHeapSize                          = 104857600                                 {product} {command line}
   size_t MaxHeapSize                              = 1073741824                                {product} {command line}
   size_t MaxNewSize                               = 357564416                                 {product} {ergonomic}
   size_t MinHeapDeltaBytes                        = 524288                                    {product} {ergonomic}
   size_t MinHeapSize                              = 104857600                                 {product} {command line}
   size_t NewSize                                  = 34603008                                  {product} {ergonomic}
    uintx NonNMethodCodeHeapSize                   = 5832780                                {pd product} {ergonomic}
    uintx NonProfiledCodeHeapSize                  = 122912730                              {pd product} {ergonomic}
   size_t OldSize                                  = 70254592                                  {product} {ergonomic}
    uintx ProfiledCodeHeapSize                     = 122912730                              {pd product} {ergonomic}
    uintx ReservedCodeCacheSize                    = 251658240                              {pd product} {ergonomic}
     bool SegmentedCodeCache                       = true                                      {product} {ergonomic}
   size_t SoftMaxHeapSize                          = 1073741824                             {manageable} {ergonomic}
     bool UseCompressedClassPointers               = true                           {product lp64_product} {ergonomic}
     bool UseCompressedOops                        = true                           {product lp64_product} {ergonomic}
     bool UseLargePagesIndividualAllocation        = false                                  {pd product} {ergonomic}
     bool UseParallelGC                            = true                                      {product} {command line}

Logging:
Log output configuration:
 #0: stdout all=off uptime,level,tags
 #1: stderr all=off uptime,level,tags

Environment Variables:
JAVA_HOME=C:\Program Files\Java\jdk-11
PATH=C:\Program Files\Common Files\Oracle\Java\javapath;C:\ProgramData\Oracle\Java\javapath;C:\WINDOWS\system32;C:\WINDOWS;C:\WINDOWS\System32\Wbem;C:\WINDOWS\System32\WindowsPowerShell\v1.0\;C:\WINDOWS\System32\OpenSSH\;C:\Program Files\dotnet\;C:\Program Files\Git\cmd;C:\ProgramData\chocolatey\bin;C:\Program Files\RedHat\java-17-openjdk-17.0.8.0.7-1.jre\bin;C:\Program Files\nodejs\;C:\Users\Pedro Lazaro\.console-ninja\.bin;C:\Program Files\Java\jdk-11\bin;C:\Users\Pedro Lazaro\AppData\Local\GitHubDesktop\bin;C:\Users\Pedro Lazaro\AppData\Local\Programs\Microsoft VS Code\bin;C:\Users\Pedro Lazaro\AppData\Roaming\npm
USERNAME=Pedro Lazaro
OS=Windows_NT
PROCESSOR_IDENTIFIER=Intel64 Family 6 Model 142 Stepping 9, GenuineIntel
TMP=C:\Users\PEDROL~1\AppData\Local\Temp
TEMP=C:\Users\PEDROL~1\AppData\Local\Temp



---------------  S Y S T E M  ---------------

OS:
 Windows 10 , 64 bit Build 19041 (10.0.19041.3393)
OS uptime: 17 days 12:01 hours

CPU: total 4 (initial active 4) (2 cores per cpu, 2 threads per core) family 6 model 142 stepping 9 microcode 0xea, cx8, cmov, fxsr, ht, mmx, 3dnowpref, sse, sse2, sse3, ssse3, sse4.1, sse4.2, popcnt, lzcnt, tsc, tscinvbit, avx, avx2, aes, erms, clmul, bmi1, bmi2, rtm, adx, fma, vzeroupper, clflush, clflushopt
Processor Information for all 4 processors :
  Max Mhz: 2301, Current Mhz: 2300, Mhz Limit: 2277

Memory: 4k page, system-wide physical 8057M (724M free)
TotalPageFile size 9924M (AvailPageFile size 150M)
current process WorkingSet (physical memory assigned to process): 62M, peak: 62M
current process commit charge ("private bytes"): 185M, peak: 185M

vm_info: OpenJDK 64-Bit Server VM (17.0.8.1+1) for windows-amd64 JRE (17.0.8.1+1), built on Aug 23 2023 15:29:17 by "admin" with MS VC++ 16.7 (VS2019)

END.
