#
# There is insufficient memory for the Java Runtime Environment to continue.
# Native memory allocation (malloc) failed to allocate 179296 bytes for Chunk::new
# Possible reasons:
#   The system is out of physical RAM or swap space
#   The process is running with CompressedOops enabled, and the Java Heap may be blocking the growth of the native heap
# Possible solutions:
#   Reduce memory load on the system
#   Increase physical memory or swap space
#   Check if swap backing store is full
#   Decrease Java heap size (-Xmx/-Xms)
#   Decrease number of Java threads
#   Decrease Java thread stack sizes (-Xss)
#   Set larger code cache with -XX:ReservedCodeCacheSize=
#   JVM is running with Unscaled Compressed Oops mode in which the Java heap is
#     placed in the first 4GB address space. The Java Heap base address is the
#     maximum limit for the native heap growth. Please use -XX:HeapBaseMinAddress
#     to set the Java Heap base and to place the Java Heap above 4GB virtual address.
# This output file may be truncated or incomplete.
#
#  Out of Memory Error (arena.cpp:189), pid=14668, tid=16804
#
# JRE version: OpenJDK Runtime Environment Temurin-17.0.8.1+1 (17.0.8.1+1) (build 17.0.8.1+1)
# Java VM: OpenJDK 64-Bit Server VM Temurin-17.0.8.1+1 (17.0.8.1+1, mixed mode, tiered, compressed oops, compressed class ptrs, parallel gc, windows-amd64)
# No core dump will be written. Minidumps are not enabled by default on client versions of Windows
#

---------------  S U M M A R Y ------------

Command Line: --add-modules=ALL-SYSTEM --add-opens=java.base/java.util=ALL-UNNAMED --add-opens=java.base/java.lang=ALL-UNNAMED --add-opens=java.base/sun.nio.fs=ALL-UNNAMED -Declipse.application=org.eclipse.jdt.ls.core.id1 -Dosgi.bundles.defaultStartLevel=4 -Declipse.product=org.eclipse.jdt.ls.core.product -Djava.import.generatesMetadataFilesAtProjectRoot=false -DDetectVMInstallationsJob.disabled=true -Dfile.encoding=utf8 -XX:+UseParallelGC -XX:GCTimeRatio=4 -XX:AdaptiveSizePolicyWeight=90 -Dsun.zip.disableMemoryMapping=true -Xmx1G -Xms100m -Xlog:disable -javaagent:c:\Users\Pedro Lazaro\.vscode\extensions\redhat.java-1.23.0-win32-x64\lombok\lombok-1.18.30.jar -XX:+HeapDumpOnOutOfMemoryError -XX:HeapDumpPath=c:\Users\Pedro Lazaro\AppData\Roaming\Code\User\workspaceStorage\9da8e83c8e456c414514d19a346950fd\redhat.java -Daether.dependencyCollector.impl=bf c:\Users\Pedro Lazaro\.vscode\extensions\redhat.java-1.23.0-win32-x64\server\plugins\org.eclipse.equinox.launcher_1.6.500.v20230717-2134.jar -configuration c:\Users\Pedro Lazaro\AppData\Roaming\Code\User\globalStorage\redhat.java\1.23.0\config_win -data c:\Users\Pedro Lazaro\AppData\Roaming\Code\User\workspaceStorage\9da8e83c8e456c414514d19a346950fd\redhat.java\jdt_ws

Host: Intel(R) Core(TM) i5-7360U CPU @ 2.30GHz, 4 cores, 7G,  Windows 10 , 64 bit Build 19041 (10.0.19041.3393)
Time: Tue Oct 24 21:24:56 2023 Hora de verano romance elapsed time: 0.971726 seconds (0d 0h 0m 0s)

---------------  T H R E A D  ---------------

Current thread (0x000001e67ebc0d30):  JavaThread "C2 CompilerThread0" daemon [_thread_in_native, id=16804, stack(0x00000034faf00000,0x00000034fb000000)]


Current CompileTask:
C2:    971  398 %     4       lombok.launch.PackageShader::apply @ 76 (252 bytes)

Stack: [0x00000034faf00000,0x00000034fb000000]
Native frames: (J=compiled Java code, j=interpreted, Vv=VM code, C=native code)
V  [jvm.dll+0x678b0a]
V  [jvm.dll+0x835e84]
V  [jvm.dll+0x83762e]
V  [jvm.dll+0x837c93]
V  [jvm.dll+0x24746f]
V  [jvm.dll+0xac20c]
V  [jvm.dll+0xac7dc]
V  [jvm.dll+0x2ae7af]
V  [jvm.dll+0x581427]
V  [jvm.dll+0x222602]
V  [jvm.dll+0x2229df]
V  [jvm.dll+0x21ba55]
V  [jvm.dll+0x218f0b]
V  [jvm.dll+0x1a534d]
V  [jvm.dll+0x228d8a]
V  [jvm.dll+0x226dcc]
V  [jvm.dll+0x7ec09b]
V  [jvm.dll+0x7e64ca]
V  [jvm.dll+0x677955]
C  [ucrtbase.dll+0x21bb2]
C  [KERNEL32.DLL+0x17344]
C  [ntdll.dll+0x526b1]


---------------  P R O C E S S  ---------------

Threads class SMR info:
_java_thread_list=0x000001e6062adab0, length=12, elements={
0x000001e66cd6fd40, 0x000001e67eb8e750, 0x000001e67eb8fb70, 0x000001e67ebb8550,
0x000001e67ebb9880, 0x000001e67ebba410, 0x000001e67ebbc490, 0x000001e67ebc0d30,
0x000001e67ebc2e10, 0x000001e67ebcfed0, 0x000001e606114ff0, 0x000001e6062b3030
}

Java Threads: ( => current thread )
  0x000001e66cd6fd40 JavaThread "main" [_thread_in_vm, id=7928, stack(0x00000034fa600000,0x00000034fa700000)]
  0x000001e67eb8e750 JavaThread "Reference Handler" daemon [_thread_blocked, id=8320, stack(0x00000034fa900000,0x00000034faa00000)]
  0x000001e67eb8fb70 JavaThread "Finalizer" daemon [_thread_blocked, id=4084, stack(0x00000034faa00000,0x00000034fab00000)]
  0x000001e67ebb8550 JavaThread "Signal Dispatcher" daemon [_thread_blocked, id=6404, stack(0x00000034fab00000,0x00000034fac00000)]
  0x000001e67ebb9880 JavaThread "Attach Listener" daemon [_thread_blocked, id=16372, stack(0x00000034fac00000,0x00000034fad00000)]
  0x000001e67ebba410 JavaThread "Service Thread" daemon [_thread_blocked, id=16960, stack(0x00000034fad00000,0x00000034fae00000)]
  0x000001e67ebbc490 JavaThread "Monitor Deflation Thread" daemon [_thread_blocked, id=744, stack(0x00000034fae00000,0x00000034faf00000)]
=>0x000001e67ebc0d30 JavaThread "C2 CompilerThread0" daemon [_thread_in_native, id=16804, stack(0x00000034faf00000,0x00000034fb000000)]
  0x000001e67ebc2e10 JavaThread "C1 CompilerThread0" daemon [_thread_in_native, id=7964, stack(0x00000034fb000000,0x00000034fb100000)]
  0x000001e67ebcfed0 JavaThread "Sweeper thread" daemon [_thread_blocked, id=6312, stack(0x00000034fb100000,0x00000034fb200000)]
  0x000001e606114ff0 JavaThread "Common-Cleaner" daemon [_thread_blocked, id=9324, stack(0x00000034fb200000,0x00000034fb300000)]
  0x000001e6062b3030 JavaThread "Notification Thread" daemon [_thread_blocked, id=8588, stack(0x00000034fb300000,0x00000034fb400000)]

Other Threads:
  0x000001e66ce2e8f0 VMThread "VM Thread" [stack: 0x00000034fa800000,0x00000034fa900000] [id=13372]
  0x000001e66cd854e0 GCTaskThread "GC Thread#0" [stack: 0x00000034fa700000,0x00000034fa800000] [id=1136]

Threads with active compile tasks:
C2 CompilerThread0     1003  398 %     4       lombok.launch.PackageShader::apply @ 76 (252 bytes)

VM state: not at safepoint (normal execution)

VM Mutex/Monitor currently owned by a thread: None

Heap address: 0x00000000c0000000, size: 1024 MB, Compressed Oops mode: 32-bit

CDS archive(s) not mapped
Compressed class space mapped at: 0x0000000100000000-0x0000000140000000, reserved size: 1073741824
Narrow klass base: 0x0000000000000000, Narrow klass shift: 3, Narrow klass range: 0x140000000

GC Precious Log:
 CPUs: 4 total, 4 available
 Memory: 8057M
 Large Page Support: Disabled
 NUMA Support: Disabled
 Compressed Oops: Enabled (32-bit)
 Alignments: Space 512K, Generation 512K, Heap 2M
 Heap Min Capacity: 100M
 Heap Initial Capacity: 100M
 Heap Max Capacity: 1G
 Pre-touch: Disabled
 Parallel Workers: 4

Heap:
 PSYoungGen      total 29696K, used 8333K [0x00000000eab00000, 0x00000000ecc00000, 0x0000000100000000)
  eden space 25600K, 32% used [0x00000000eab00000,0x00000000eb323618,0x00000000ec400000)
  from space 4096K, 0% used [0x00000000ec800000,0x00000000ec800000,0x00000000ecc00000)
  to   space 4096K, 0% used [0x00000000ec400000,0x00000000ec400000,0x00000000ec800000)
 ParOldGen       total 68608K, used 0K [0x00000000c0000000, 0x00000000c4300000, 0x00000000eab00000)
  object space 68608K, 0% used [0x00000000c0000000,0x00000000c0000000,0x00000000c4300000)
 Metaspace       used 6390K, committed 6592K, reserved 1114112K
  class space    used 618K, committed 704K, reserved 1048576K

Card table byte_map: [0x000001e66c710000,0x000001e66c920000] _byte_map_base: 0x000001e66c110000

Marking Bits: (ParMarkBitMap*) 0x00007fffea5c83a0
 Begin Bits: [0x000001e600000000, 0x000001e601000000)
 End Bits:   [0x000001e601000000, 0x000001e602000000)

Polling page: 0x000001e66ac30000

Metaspace:

Usage:
  Non-class:      5.64 MB used.
      Class:    618.16 KB used.
       Both:      6.24 MB used.

Virtual space:
  Non-class space:       64.00 MB reserved,       5.75 MB (  9%) committed,  1 nodes.
      Class space:        1.00 GB reserved,     704.00 KB ( <1%) committed,  1 nodes.
             Both:        1.06 GB reserved,       6.44 MB ( <1%) committed. 

Chunk freelists:
   Non-Class:  10.23 MB
       Class:  15.21 MB
        Both:  25.45 MB

MaxMetaspaceSize: unlimited
CompressedClassSpaceSize: 1.00 GB
Initial GC threshold: 21.00 MB
Current GC threshold: 21.00 MB
CDS: off
MetaspaceReclaimPolicy: balanced
 - commit_granule_bytes: 65536.
 - commit_granule_words: 8192.
 - virtual_space_node_default_size: 8388608.
 - enlarge_chunks_in_place: 1.
 - new_chunks_are_fully_committed: 0.
 - uncommit_free_chunks: 1.
 - use_allocation_guard: 0.
 - handle_deallocations: 1.


Internal statistics:

num_allocs_failed_limit: 0.
num_arena_births: 10.
num_arena_deaths: 0.
num_vsnodes_births: 2.
num_vsnodes_deaths: 0.
num_space_committed: 103.
num_space_uncommitted: 0.
num_chunks_returned_to_freelist: 0.
num_chunks_taken_from_freelist: 35.
num_chunk_merges: 0.
num_chunk_splits: 22.
num_chunks_enlarged: 21.
num_inconsistent_stats: 0.

CodeHeap 'non-profiled nmethods': size=120000Kb used=125Kb max_used=125Kb free=119874Kb
 bounds [0x000001e6774c0000, 0x000001e677730000, 0x000001e67e9f0000]
CodeHeap 'profiled nmethods': size=120000Kb used=593Kb max_used=593Kb free=119406Kb
 bounds [0x000001e66f9f0000, 0x000001e66fc60000, 0x000001e676f20000]
CodeHeap 'non-nmethods': size=5760Kb used=1097Kb max_used=1111Kb free=4662Kb
 bounds [0x000001e676f20000, 0x000001e677190000, 0x000001e6774c0000]
 total_blobs=802 nmethods=426 adapters=291
 compilation: enabled
              stopped_count=0, restarted_count=0
 full_count=0

Compilation events (20 events):
Event: 0.933 Thread 0x000001e67ebc2e10  388       1       java.net.URL::getQuery (5 bytes)
Event: 0.933 Thread 0x000001e67ebc2e10 nmethod 388 0x000001e6774dd610 code [0x000001e6774dd7a0, 0x000001e6774dd878]
Event: 0.935 Thread 0x000001e67ebc2e10  389       3       java.lang.ClassLoader::getResource (41 bytes)
Event: 0.936 Thread 0x000001e67ebc2e10 nmethod 389 0x000001e66fa6f610 code [0x000001e66fa6f800, 0x000001e66fa6fdf8]
Event: 0.936 Thread 0x000001e67ebc0d30  390 %     4       java.lang.StringLatin1::replace @ 79 (198 bytes)
Event: 0.938 Thread 0x000001e67ebc2e10  391       3       java.io.FileSystem::hasBooleanAttributes (17 bytes)
Event: 0.939 Thread 0x000001e67ebc2e10 nmethod 391 0x000001e66fa70010 code [0x000001e66fa701c0, 0x000001e66fa70368]
Event: 0.940 Thread 0x000001e67ebc2e10  393   !   3       java.io.WinNTFileSystem::resolve (362 bytes)
Event: 0.943 Thread 0x000001e67ebc0d30 nmethod 390% 0x000001e6774ddd10 code [0x000001e6774ddea0, 0x000001e6774de218]
Event: 0.945 Thread 0x000001e67ebc2e10 nmethod 393 0x000001e66fa70410 code [0x000001e66fa70dc0, 0x000001e66fa756e8]
Event: 0.948 Thread 0x000001e67ebc2e10  394       1       java.net.URL::getUserInfo (5 bytes)
Event: 0.948 Thread 0x000001e67ebc2e10 nmethod 394 0x000001e6774de390 code [0x000001e6774de520, 0x000001e6774de5f8]
Event: 0.948 Thread 0x000001e67ebc2e10  395       3       java.util.ArrayList$Itr::hasNext (20 bytes)
Event: 0.948 Thread 0x000001e67ebc2e10 nmethod 395 0x000001e66fa77090 code [0x000001e66fa77220, 0x000001e66fa77398]
Event: 0.956 Thread 0x000001e67ebc2e10  396       1       java.lang.String::value (5 bytes)
Event: 0.956 Thread 0x000001e67ebc2e10 nmethod 396 0x000001e6774de690 code [0x000001e6774de820, 0x000001e6774de8f8]
Event: 0.956 Thread 0x000001e67ebc2e10  397       1       java.net.URLConnection::getUseCaches (5 bytes)
Event: 0.956 Thread 0x000001e67ebc2e10 nmethod 397 0x000001e6774de990 code [0x000001e6774deb20, 0x000001e6774debf8]
Event: 0.956 Thread 0x000001e67ebc0d30  398 %     4       lombok.launch.PackageShader::apply @ 76 (252 bytes)
Event: 0.964 Thread 0x000001e67ebc2e10  399       3       java.util.ArrayList::add (25 bytes)

GC Heap History (0 events):
No events

Dll operation events (8 events):
Event: 0.013 Loaded shared library c:\Users\Pedro Lazaro\.vscode\extensions\redhat.java-1.23.0-win32-x64\jre\17.0.8.1-win32-x86_64\bin\java.dll
Event: 0.260 Loaded shared library c:\Users\Pedro Lazaro\.vscode\extensions\redhat.java-1.23.0-win32-x64\jre\17.0.8.1-win32-x86_64\bin\zip.dll
Event: 0.263 Loaded shared library C:\Users\Pedro Lazaro\.vscode\extensions\redhat.java-1.23.0-win32-x64\jre\17.0.8.1-win32-x86_64\bin\instrument.dll
Event: 0.282 Loaded shared library C:\Users\Pedro Lazaro\.vscode\extensions\redhat.java-1.23.0-win32-x64\jre\17.0.8.1-win32-x86_64\bin\net.dll
Event: 0.285 Loaded shared library C:\Users\Pedro Lazaro\.vscode\extensions\redhat.java-1.23.0-win32-x64\jre\17.0.8.1-win32-x86_64\bin\nio.dll
Event: 0.303 Loaded shared library C:\Users\Pedro Lazaro\.vscode\extensions\redhat.java-1.23.0-win32-x64\jre\17.0.8.1-win32-x86_64\bin\zip.dll
Event: 0.346 Loaded shared library C:\Users\Pedro Lazaro\.vscode\extensions\redhat.java-1.23.0-win32-x64\jre\17.0.8.1-win32-x86_64\bin\jimage.dll
Event: 0.576 Loaded shared library c:\Users\Pedro Lazaro\.vscode\extensions\redhat.java-1.23.0-win32-x64\jre\17.0.8.1-win32-x86_64\bin\verify.dll

Deoptimization events (2 events):
Event: 0.640 Thread 0x000001e66cd6fd40 DEOPT PACKING pc=0x000001e66fa3b9a2 sp=0x00000034fa6fcb10
Event: 0.640 Thread 0x000001e66cd6fd40 DEOPT UNPACKING pc=0x000001e676f76e43 sp=0x00000034fa6fbf70 mode 0

Classes unloaded (0 events):
No events

Classes redefined (0 events):
No events

Internal exceptions (2 events):
Event: 0.203 Thread 0x000001e66cd6fd40 Exception <a 'java/lang/NoSuchMethodError'{0x00000000eacb22d8}: 'void java.lang.invoke.DirectMethodHandle$Holder.invokeStatic(java.lang.Object, java.lang.Object, java.lang.Object)'> (0x00000000eacb22d8) 
thrown [s\src\hotspot\share\interpreter\linkResolver.cpp, line 759]
Event: 0.629 Thread 0x000001e66cd6fd40 Exception <a 'java/lang/reflect/InvocationTargetException'{0x00000000eafd2ed0}> (0x00000000eafd2ed0) 
thrown [s\src\hotspot\share\runtime\reflection.cpp, line 1121]

VM Operations (4 events):
Event: 0.232 Executing VM operation: HandshakeAllThreads
Event: 0.232 Executing VM operation: HandshakeAllThreads done
Event: 0.391 Executing VM operation: HandshakeAllThreads
Event: 0.391 Executing VM operation: HandshakeAllThreads done

Events (20 events):
Event: 0.754 loading class java/util/regex/Pattern$Branch
Event: 0.754 loading class java/util/regex/Pattern$Branch done
Event: 0.754 loading class java/util/regex/Pattern$StartS
Event: 0.754 loading class java/util/regex/Pattern$StartS done
Event: 0.755 loading class java/util/regex/Pattern$Curly
Event: 0.756 loading class java/util/regex/Pattern$Curly done
Event: 0.756 loading class java/util/regex/Pattern$Ques
Event: 0.756 loading class java/util/regex/Pattern$Ques done
Event: 0.756 loading class java/util/regex/Pattern$Loop
Event: 0.756 loading class java/util/regex/Pattern$Loop done
Event: 0.756 loading class java/util/regex/Pattern$Prolog
Event: 0.756 loading class java/util/regex/Pattern$Prolog done
Event: 0.757 loading class java/util/regex/Pattern$Dollar
Event: 0.758 loading class java/util/regex/Pattern$Dollar done
Event: 0.758 loading class java/util/regex/Pattern$GroupCurly
Event: 0.758 loading class java/util/regex/Pattern$GroupCurly done
Event: 0.854 loading class java/util/Collections$SingletonSet
Event: 0.854 loading class java/util/Collections$SingletonSet done
Event: 0.854 loading class java/util/Collections$1
Event: 0.854 loading class java/util/Collections$1 done


Dynamic libraries:
0x00007ff7b6520000 - 0x00007ff7b652e000 	c:\Users\Pedro Lazaro\.vscode\extensions\redhat.java-1.23.0-win32-x64\jre\17.0.8.1-win32-x86_64\bin\java.exe
0x00007ff83bf70000 - 0x00007ff83c168000 	C:\WINDOWS\SYSTEM32\ntdll.dll
0x00007ff83bc80000 - 0x00007ff83bd3d000 	C:\WINDOWS\System32\KERNEL32.DLL
0x00007ff839650000 - 0x00007ff839946000 	C:\WINDOWS\System32\KERNELBASE.dll
0x00007ff839e60000 - 0x00007ff839f60000 	C:\WINDOWS\System32\ucrtbase.dll
0x00007ff834ca0000 - 0x00007ff834cb7000 	c:\Users\Pedro Lazaro\.vscode\extensions\redhat.java-1.23.0-win32-x64\jre\17.0.8.1-win32-x86_64\bin\jli.dll
0x00007ff83a3d0000 - 0x00007ff83a56e000 	C:\WINDOWS\System32\USER32.dll
0x00007ff8399f0000 - 0x00007ff839a12000 	C:\WINDOWS\System32\win32u.dll
0x00007ff83a100000 - 0x00007ff83a12c000 	C:\WINDOWS\System32\GDI32.dll
0x00007ff839b50000 - 0x00007ff839c6a000 	C:\WINDOWS\System32\gdi32full.dll
0x00007ff839950000 - 0x00007ff8399ed000 	C:\WINDOWS\System32\msvcp_win.dll
0x00007ff829420000 - 0x00007ff829439000 	c:\Users\Pedro Lazaro\.vscode\extensions\redhat.java-1.23.0-win32-x64\jre\17.0.8.1-win32-x86_64\bin\VCRUNTIME140.dll
0x00007ff826490000 - 0x00007ff82672a000 	C:\WINDOWS\WinSxS\amd64_microsoft.windows.common-controls_6595b64144ccf1df_6.0.19041.1110_none_60b5254171f9507e\COMCTL32.dll
0x00007ff83be80000 - 0x00007ff83bf1e000 	C:\WINDOWS\System32\msvcrt.dll
0x00007ff83bdf0000 - 0x00007ff83be20000 	C:\WINDOWS\System32\IMM32.DLL
0x00007ff832540000 - 0x00007ff83254c000 	c:\Users\Pedro Lazaro\.vscode\extensions\redhat.java-1.23.0-win32-x64\jre\17.0.8.1-win32-x86_64\bin\vcruntime140_1.dll
0x00007ff823ee0000 - 0x00007ff823f71000 	c:\Users\Pedro Lazaro\.vscode\extensions\redhat.java-1.23.0-win32-x64\jre\17.0.8.1-win32-x86_64\bin\msvcp140.dll
0x00007fffe9a40000 - 0x00007fffea68c000 	c:\Users\Pedro Lazaro\.vscode\extensions\redhat.java-1.23.0-win32-x64\jre\17.0.8.1-win32-x86_64\bin\server\jvm.dll
0x00007ff83bd40000 - 0x00007ff83bdee000 	C:\WINDOWS\System32\ADVAPI32.dll
0x00007ff83a2b0000 - 0x00007ff83a34c000 	C:\WINDOWS\System32\sechost.dll
0x00007ff83a940000 - 0x00007ff83aa66000 	C:\WINDOWS\System32\RPCRT4.dll
0x00007ff8394a0000 - 0x00007ff8394eb000 	C:\WINDOWS\SYSTEM32\POWRPROF.dll
0x00007ff82ac40000 - 0x00007ff82ac49000 	C:\WINDOWS\SYSTEM32\WSOCK32.dll
0x00007ff83a8d0000 - 0x00007ff83a93b000 	C:\WINDOWS\System32\WS2_32.dll
0x00007ff822810000 - 0x00007ff822837000 	C:\WINDOWS\SYSTEM32\WINMM.dll
0x00007ff836c00000 - 0x00007ff836c0a000 	C:\WINDOWS\SYSTEM32\VERSION.dll
0x00007ff839480000 - 0x00007ff839492000 	C:\WINDOWS\SYSTEM32\UMPDC.dll
0x00007ff837e70000 - 0x00007ff837e82000 	C:\WINDOWS\SYSTEM32\kernel.appcore.dll
0x00007ff831e30000 - 0x00007ff831e3a000 	c:\Users\Pedro Lazaro\.vscode\extensions\redhat.java-1.23.0-win32-x64\jre\17.0.8.1-win32-x86_64\bin\jimage.dll
0x00007ff824030000 - 0x00007ff824214000 	C:\WINDOWS\SYSTEM32\DBGHELP.DLL
0x00007ff8234c0000 - 0x00007ff8234f4000 	C:\WINDOWS\SYSTEM32\dbgcore.DLL
0x00007ff839c70000 - 0x00007ff839cf2000 	C:\WINDOWS\System32\bcryptPrimitives.dll
0x00007ff831da0000 - 0x00007ff831dae000 	c:\Users\Pedro Lazaro\.vscode\extensions\redhat.java-1.23.0-win32-x64\jre\17.0.8.1-win32-x86_64\bin\instrument.dll
0x00007ff8293f0000 - 0x00007ff829415000 	c:\Users\Pedro Lazaro\.vscode\extensions\redhat.java-1.23.0-win32-x64\jre\17.0.8.1-win32-x86_64\bin\java.dll
0x00007ff8293d0000 - 0x00007ff8293e8000 	c:\Users\Pedro Lazaro\.vscode\extensions\redhat.java-1.23.0-win32-x64\jre\17.0.8.1-win32-x86_64\bin\zip.dll
0x00007ff83b530000 - 0x00007ff83bc75000 	C:\WINDOWS\System32\SHELL32.dll
0x00007ff8376c0000 - 0x00007ff837e5b000 	C:\WINDOWS\SYSTEM32\windows.storage.dll
0x00007ff83a570000 - 0x00007ff83a8c4000 	C:\WINDOWS\System32\combase.dll
0x00007ff838fc0000 - 0x00007ff838fee000 	C:\WINDOWS\SYSTEM32\Wldp.dll
0x00007ff83a050000 - 0x00007ff83a0fd000 	C:\WINDOWS\System32\SHCORE.dll
0x00007ff83af90000 - 0x00007ff83afe5000 	C:\WINDOWS\System32\shlwapi.dll
0x00007ff839580000 - 0x00007ff8395a5000 	C:\WINDOWS\SYSTEM32\profapi.dll
0x00007ff829110000 - 0x00007ff829129000 	C:\Users\Pedro Lazaro\.vscode\extensions\redhat.java-1.23.0-win32-x64\jre\17.0.8.1-win32-x86_64\bin\net.dll
0x00007ff82b390000 - 0x00007ff82b49a000 	C:\WINDOWS\SYSTEM32\WINHTTP.dll
0x00007ff838d20000 - 0x00007ff838d8a000 	C:\WINDOWS\system32\mswsock.dll
0x00007ff828fb0000 - 0x00007ff828fc5000 	C:\Users\Pedro Lazaro\.vscode\extensions\redhat.java-1.23.0-win32-x64\jre\17.0.8.1-win32-x86_64\bin\nio.dll
0x00007ff831d70000 - 0x00007ff831d80000 	c:\Users\Pedro Lazaro\.vscode\extensions\redhat.java-1.23.0-win32-x64\jre\17.0.8.1-win32-x86_64\bin\verify.dll

dbghelp: loaded successfully - version: 4.0.5 - missing functions: none
symbol engine: initialized successfully - sym options: 0x614 - pdb path: .;c:\Users\Pedro Lazaro\.vscode\extensions\redhat.java-1.23.0-win32-x64\jre\17.0.8.1-win32-x86_64\bin;C:\WINDOWS\SYSTEM32;C:\WINDOWS\WinSxS\amd64_microsoft.windows.common-controls_6595b64144ccf1df_6.0.19041.1110_none_60b5254171f9507e;c:\Users\Pedro Lazaro\.vscode\extensions\redhat.java-1.23.0-win32-x64\jre\17.0.8.1-win32-x86_64\bin\server

VM Arguments:
jvm_args: --add-modules=ALL-SYSTEM --add-opens=java.base/java.util=ALL-UNNAMED --add-opens=java.base/java.lang=ALL-UNNAMED --add-opens=java.base/sun.nio.fs=ALL-UNNAMED -Declipse.application=org.eclipse.jdt.ls.core.id1 -Dosgi.bundles.defaultStartLevel=4 -Declipse.product=org.eclipse.jdt.ls.core.product -Djava.import.generatesMetadataFilesAtProjectRoot=false -DDetectVMInstallationsJob.disabled=true -Dfile.encoding=utf8 -XX:+UseParallelGC -XX:GCTimeRatio=4 -XX:AdaptiveSizePolicyWeight=90 -Dsun.zip.disableMemoryMapping=true -Xmx1G -Xms100m -Xlog:disable -javaagent:c:\Users\Pedro Lazaro\.vscode\extensions\redhat.java-1.23.0-win32-x64\lombok\lombok-1.18.30.jar -XX:+HeapDumpOnOutOfMemoryError -XX:HeapDumpPath=c:\Users\Pedro Lazaro\AppData\Roaming\Code\User\workspaceStorage\9da8e83c8e456c414514d19a346950fd\redhat.java -Daether.dependencyCollector.impl=bf 
java_command: c:\Users\Pedro Lazaro\.vscode\extensions\redhat.java-1.23.0-win32-x64\server\plugins\org.eclipse.equinox.launcher_1.6.500.v20230717-2134.jar -configuration c:\Users\Pedro Lazaro\AppData\Roaming\Code\User\globalStorage\redhat.java\1.23.0\config_win -data c:\Users\Pedro Lazaro\AppData\Roaming\Code\User\workspaceStorage\9da8e83c8e456c414514d19a346950fd\redhat.java\jdt_ws
java_class_path (initial): c:\Users\Pedro Lazaro\.vscode\extensions\redhat.java-1.23.0-win32-x64\server\plugins\org.eclipse.equinox.launcher_1.6.500.v20230717-2134.jar
Launcher Type: SUN_STANDARD

[Global flags]
    uintx AdaptiveSizePolicyWeight                 = 90                                        {product} {command line}
     intx CICompilerCount                          = 3                                         {product} {ergonomic}
    uintx GCTimeRatio                              = 4                                         {product} {command line}
     bool HeapDumpOnOutOfMemoryError               = true                                   {manageable} {command line}
    ccstr HeapDumpPath                             = c:\Users\Pedro Lazaro\AppData\Roaming\Code\User\workspaceStorage\9da8e83c8e456c414514d19a346950fd\redhat.java         {manageable} {command line}
   size_t InitialHeapSize                          = 104857600                                 {product} {command line}
   size_t MaxHeapSize                              = 1073741824                                {product} {command line}
   size_t MaxNewSize                               = 357564416                                 {product} {ergonomic}
   size_t MinHeapDeltaBytes                        = 524288                                    {product} {ergonomic}
   size_t MinHeapSize                              = 104857600                                 {product} {command line}
   size_t NewSize                                  = 34603008                                  {product} {ergonomic}
    uintx NonNMethodCodeHeapSize                   = 5832780                                {pd product} {ergonomic}
    uintx NonProfiledCodeHeapSize                  = 122912730                              {pd product} {ergonomic}
   size_t OldSize                                  = 70254592                                  {product} {ergonomic}
    uintx ProfiledCodeHeapSize                     = 122912730                              {pd product} {ergonomic}
    uintx ReservedCodeCacheSize                    = 251658240                              {pd product} {ergonomic}
     bool SegmentedCodeCache                       = true                                      {product} {ergonomic}
   size_t SoftMaxHeapSize                          = 1073741824                             {manageable} {ergonomic}
     bool UseCompressedClassPointers               = true                           {product lp64_product} {ergonomic}
     bool UseCompressedOops                        = true                           {product lp64_product} {ergonomic}
     bool UseLargePagesIndividualAllocation        = false                                  {pd product} {ergonomic}
     bool UseParallelGC                            = true                                      {product} {command line}

Logging:
Log output configuration:
 #0: stdout all=off uptime,level,tags
 #1: stderr all=off uptime,level,tags

Environment Variables:
JAVA_HOME=C:\Program Files\Java\jdk-11
PATH=C:\Program Files\Common Files\Oracle\Java\javapath;C:\ProgramData\Oracle\Java\javapath;C:\WINDOWS\system32;C:\WINDOWS;C:\WINDOWS\System32\Wbem;C:\WINDOWS\System32\WindowsPowerShell\v1.0\;C:\WINDOWS\System32\OpenSSH\;C:\Program Files\dotnet\;C:\Program Files\Git\cmd;C:\ProgramData\chocolatey\bin;C:\Program Files\RedHat\java-17-openjdk-17.0.8.0.7-1.jre\bin;C:\Program Files\nodejs\;C:\Users\Pedro Lazaro\.console-ninja\.bin;C:\Program Files\Java\jdk-11\bin;C:\Users\Pedro Lazaro\AppData\Local\GitHubDesktop\bin;C:\Users\Pedro Lazaro\AppData\Local\Programs\Microsoft VS Code\bin;C:\Users\Pedro Lazaro\AppData\Roaming\npm
USERNAME=Pedro Lazaro
OS=Windows_NT
PROCESSOR_IDENTIFIER=Intel64 Family 6 Model 142 Stepping 9, GenuineIntel
TMP=C:\Users\PEDROL~1\AppData\Local\Temp
TEMP=C:\Users\PEDROL~1\AppData\Local\Temp



---------------  S Y S T E M  ---------------

OS:
 Windows 10 , 64 bit Build 19041 (10.0.19041.3393)
OS uptime: 17 days 12:01 hours

CPU: total 4 (initial active 4) (2 cores per cpu, 2 threads per core) family 6 model 142 stepping 9 microcode 0xea, cx8, cmov, fxsr, ht, mmx, 3dnowpref, sse, sse2, sse3, ssse3, sse4.1, sse4.2, popcnt, lzcnt, tsc, tscinvbit, avx, avx2, aes, erms, clmul, bmi1, bmi2, rtm, adx, fma, vzeroupper, clflush, clflushopt
Processor Information for all 4 processors :
  Max Mhz: 2301, Current Mhz: 2300, Mhz Limit: 2277

Memory: 4k page, system-wide physical 8057M (704M free)
TotalPageFile size 9924M (AvailPageFile size 4M)
current process WorkingSet (physical memory assigned to process): 41M, peak: 41M
current process commit charge ("private bytes"): 174M, peak: 174M

vm_info: OpenJDK 64-Bit Server VM (17.0.8.1+1) for windows-amd64 JRE (17.0.8.1+1), built on Aug 23 2023 15:29:17 by "admin" with MS VC++ 16.7 (VS2019)

END.
