#
# There is insufficient memory for the Java Runtime Environment to continue.
# Native memory allocation (malloc) failed to allocate 32744 bytes for ChunkPool::allocate
# Possible reasons:
#   The system is out of physical RAM or swap space
#   The process is running with CompressedOops enabled, and the Java Heap may be blocking the growth of the native heap
# Possible solutions:
#   Reduce memory load on the system
#   Increase physical memory or swap space
#   Check if swap backing store is full
#   Decrease Java heap size (-Xmx/-Xms)
#   Decrease number of Java threads
#   Decrease Java thread stack sizes (-Xss)
#   Set larger code cache with -XX:ReservedCodeCacheSize=
#   JVM is running with Unscaled Compressed Oops mode in which the Java heap is
#     placed in the first 4GB address space. The Java Heap base address is the
#     maximum limit for the native heap growth. Please use -XX:HeapBaseMinAddress
#     to set the Java Heap base and to place the Java Heap above 4GB virtual address.
# This output file may be truncated or incomplete.
#
#  Out of Memory Error (arena.cpp:78), pid=17620, tid=16372
#
# JRE version: OpenJDK Runtime Environment Temurin-17.0.8.1+1 (17.0.8.1+1) (build 17.0.8.1+1)
# Java VM: OpenJDK 64-Bit Server VM Temurin-17.0.8.1+1 (17.0.8.1+1, mixed mode, tiered, compressed oops, compressed class ptrs, parallel gc, windows-amd64)
# No core dump will be written. Minidumps are not enabled by default on client versions of Windows
#

---------------  S U M M A R Y ------------

Command Line: --add-modules=ALL-SYSTEM --add-opens=java.base/java.util=ALL-UNNAMED --add-opens=java.base/java.lang=ALL-UNNAMED --add-opens=java.base/sun.nio.fs=ALL-UNNAMED -Declipse.application=org.eclipse.jdt.ls.core.id1 -Dosgi.bundles.defaultStartLevel=4 -Declipse.product=org.eclipse.jdt.ls.core.product -Djava.import.generatesMetadataFilesAtProjectRoot=false -DDetectVMInstallationsJob.disabled=true -Dfile.encoding=utf8 -XX:+UseParallelGC -XX:GCTimeRatio=4 -XX:AdaptiveSizePolicyWeight=90 -Dsun.zip.disableMemoryMapping=true -Xmx1G -Xms100m -Xlog:disable -javaagent:c:\Users\Pedro Lazaro\.vscode\extensions\redhat.java-1.23.0-win32-x64\lombok\lombok-1.18.30.jar -XX:+HeapDumpOnOutOfMemoryError -XX:HeapDumpPath=c:\Users\Pedro Lazaro\AppData\Roaming\Code\User\workspaceStorage\9da8e83c8e456c414514d19a346950fd\redhat.java -Daether.dependencyCollector.impl=bf c:\Users\Pedro Lazaro\.vscode\extensions\redhat.java-1.23.0-win32-x64\server\plugins\org.eclipse.equinox.launcher_1.6.500.v20230717-2134.jar -configuration c:\Users\Pedro Lazaro\AppData\Roaming\Code\User\globalStorage\redhat.java\1.23.0\config_win -data c:\Users\Pedro Lazaro\AppData\Roaming\Code\User\workspaceStorage\9da8e83c8e456c414514d19a346950fd\redhat.java\jdt_ws

Host: Intel(R) Core(TM) i5-7360U CPU @ 2.30GHz, 4 cores, 7G,  Windows 10 , 64 bit Build 19041 (10.0.19041.3393)
Time: Tue Oct 24 21:24:18 2023 Hora de verano romance elapsed time: 16.307334 seconds (0d 0h 0m 16s)

---------------  T H R E A D  ---------------

Current thread (0x000002766e14cae0):  JavaThread "C1 CompilerThread0" daemon [_thread_in_native, id=16372, stack(0x000000a0ce400000,0x000000a0ce500000)]


Current CompileTask:
C1:  16307 7487       3       org.eclipse.jdt.internal.compiler.parser.Parser::consumeRule (7847 bytes)

Stack: [0x000000a0ce400000,0x000000a0ce500000]
Native frames: (J=compiled Java code, j=interpreted, Vv=VM code, C=native code)
V  [jvm.dll+0x678b0a]
V  [jvm.dll+0x835e84]
V  [jvm.dll+0x83762e]
V  [jvm.dll+0x837c93]
V  [jvm.dll+0x24746f]
V  [jvm.dll+0xac42c]
V  [jvm.dll+0xac7dc]
V  [jvm.dll+0x1774e3]
V  [jvm.dll+0x1775ad]
V  [jvm.dll+0x179d73]
V  [jvm.dll+0x17b881]
V  [jvm.dll+0x135fc3]
V  [jvm.dll+0x1358bf]
V  [jvm.dll+0x135af6]
V  [jvm.dll+0x134f8a]
V  [jvm.dll+0x136c51]
V  [jvm.dll+0x228d8a]
V  [jvm.dll+0x226dcc]
V  [jvm.dll+0x7ec09b]
V  [jvm.dll+0x7e64ca]
V  [jvm.dll+0x677955]
C  [ucrtbase.dll+0x21bb2]
C  [KERNEL32.DLL+0x17344]
C  [ntdll.dll+0x526b1]


---------------  P R O C E S S  ---------------

Threads class SMR info:
_java_thread_list=0x0000027674de5630, length=31, elements={
0x000002765a2cf990, 0x000002765a38e500, 0x000002766e0ef090, 0x000002766e116550,
0x000002766e1170e0, 0x000002766e117c70, 0x000002766e119550, 0x000002766e11a200,
0x000002766e14cae0, 0x000002766e14d7a0, 0x0000027673407260, 0x00000276736812a0,
0x0000027673dac450, 0x0000027673f5fc30, 0x0000027673f60110, 0x00000276743978d0,
0x0000027674141a30, 0x0000027674141f40, 0x0000027674141010, 0x000002767413fbd0,
0x0000027674141520, 0x0000027674142450, 0x00000276741400e0, 0x0000027674140b00,
0x0000027675d2db60, 0x0000027675d2efa0, 0x0000027675d2a3b0, 0x0000027675d2b7f0,
0x0000027675d2c720, 0x0000027675d2add0, 0x000002767807faa0
}

Java Threads: ( => current thread )
  0x000002765a2cf990 JavaThread "main" [_thread_blocked, id=15388, stack(0x000000a0cda00000,0x000000a0cdb00000)]
  0x000002765a38e500 JavaThread "Reference Handler" daemon [_thread_blocked, id=18084, stack(0x000000a0cdd00000,0x000000a0cde00000)]
  0x000002766e0ef090 JavaThread "Finalizer" daemon [_thread_blocked, id=624, stack(0x000000a0cde00000,0x000000a0cdf00000)]
  0x000002766e116550 JavaThread "Signal Dispatcher" daemon [_thread_blocked, id=8252, stack(0x000000a0cdf00000,0x000000a0ce000000)]
  0x000002766e1170e0 JavaThread "Attach Listener" daemon [_thread_blocked, id=11484, stack(0x000000a0ce000000,0x000000a0ce100000)]
  0x000002766e117c70 JavaThread "Service Thread" daemon [_thread_blocked, id=924, stack(0x000000a0ce100000,0x000000a0ce200000)]
  0x000002766e119550 JavaThread "Monitor Deflation Thread" daemon [_thread_blocked, id=13440, stack(0x000000a0ce200000,0x000000a0ce300000)]
  0x000002766e11a200 JavaThread "C2 CompilerThread0" daemon [_thread_blocked, id=14612, stack(0x000000a0ce300000,0x000000a0ce400000)]
=>0x000002766e14cae0 JavaThread "C1 CompilerThread0" daemon [_thread_in_native, id=16372, stack(0x000000a0ce400000,0x000000a0ce500000)]
  0x000002766e14d7a0 JavaThread "Sweeper thread" daemon [_thread_blocked, id=15280, stack(0x000000a0ce500000,0x000000a0ce600000)]
  0x0000027673407260 JavaThread "Common-Cleaner" daemon [_thread_blocked, id=10748, stack(0x000000a0ce600000,0x000000a0ce700000)]
  0x00000276736812a0 JavaThread "Notification Thread" daemon [_thread_blocked, id=12572, stack(0x000000a0ce800000,0x000000a0ce900000)]
  0x0000027673dac450 JavaThread "Active Thread: Equinox Container: 835f8bbe-9aa6-4361-9bd6-b31f62082938" [_thread_blocked, id=13720, stack(0x000000a0ced00000,0x000000a0cee00000)]
  0x0000027673f5fc30 JavaThread "Framework Event Dispatcher: Equinox Container: 835f8bbe-9aa6-4361-9bd6-b31f62082938" daemon [_thread_blocked, id=744, stack(0x000000a0cee00000,0x000000a0cef00000)]
  0x0000027673f60110 JavaThread "Start Level: Equinox Container: 835f8bbe-9aa6-4361-9bd6-b31f62082938" daemon [_thread_blocked, id=14068, stack(0x000000a0cef00000,0x000000a0cf000000)]
  0x00000276743978d0 JavaThread "Bundle File Closer" daemon [_thread_blocked, id=1464, stack(0x000000a0cec00000,0x000000a0ced00000)]
  0x0000027674141a30 JavaThread "SCR Component Actor" daemon [_thread_blocked, id=13972, stack(0x000000a0cf000000,0x000000a0cf100000)]
  0x0000027674141f40 JavaThread "Worker-JM" [_thread_blocked, id=8072, stack(0x000000a0cf200000,0x000000a0cf300000)]
  0x0000027674141010 JavaThread "Worker-0" [_thread_blocked, id=4084, stack(0x000000a0cf300000,0x000000a0cf400000)]
  0x000002767413fbd0 JavaThread "Worker-1: Initialize workspace" [_thread_in_vm, id=11148, stack(0x000000a0cf400000,0x000000a0cf500000)]
  0x0000027674141520 JavaThread "Java indexing" daemon [_thread_blocked, id=17892, stack(0x000000a0cf600000,0x000000a0cf700000)]
  0x0000027674142450 JavaThread "Worker-2" [_thread_blocked, id=17980, stack(0x000000a0cf700000,0x000000a0cf800000)]
  0x00000276741400e0 JavaThread "Worker-3" [_thread_blocked, id=13372, stack(0x000000a0cf800000,0x000000a0cf900000)]
  0x0000027674140b00 JavaThread "JNA Cleaner" daemon [_thread_blocked, id=2220, stack(0x000000a0cf900000,0x000000a0cfa00000)]
  0x0000027675d2db60 JavaThread "pool-2-thread-1" [_thread_blocked, id=1136, stack(0x000000a0cfa00000,0x000000a0cfb00000)]
  0x0000027675d2efa0 JavaThread "WorkspaceEventsHandler" [_thread_blocked, id=16016, stack(0x000000a0cfb00000,0x000000a0cfc00000)]
  0x0000027675d2a3b0 JavaThread "pool-1-thread-1" [_thread_in_native, id=7928, stack(0x000000a0cfc00000,0x000000a0cfd00000)]
  0x0000027675d2b7f0 JavaThread "ForkJoinPool.commonPool-worker-1" daemon [_thread_blocked, id=18228, stack(0x000000a0cf100000,0x000000a0cf200000)]
  0x0000027675d2c720 JavaThread "ForkJoinPool.commonPool-worker-2" daemon [_thread_blocked, id=9136, stack(0x000000a0cf500000,0x000000a0cf600000)]
  0x0000027675d2add0 JavaThread "SCR Component Registry" daemon [_thread_blocked, id=1272, stack(0x000000a0cfe00000,0x000000a0cff00000)]
  0x000002767807faa0 JavaThread "C2 CompilerThread1" daemon [_thread_blocked, id=17924, stack(0x000000a0cff00000,0x000000a0d0000000)]

Other Threads:
  0x000002766e0db9f0 VMThread "VM Thread" [stack: 0x000000a0cdc00000,0x000000a0cdd00000] [id=8504]
  0x0000027673739c40 WatcherThread [stack: 0x000000a0ce900000,0x000000a0cea00000] [id=16152]
  0x000002765a2e5130 GCTaskThread "GC Thread#0" [stack: 0x000000a0cdb00000,0x000000a0cdc00000] [id=18048]
  0x000002767361d1a0 GCTaskThread "GC Thread#1" [stack: 0x000000a0ce700000,0x000000a0ce800000] [id=18220]
  0x000002767364d490 GCTaskThread "GC Thread#2" [stack: 0x000000a0cea00000,0x000000a0ceb00000] [id=2700]
  0x0000027673a87450 GCTaskThread "GC Thread#3" [stack: 0x000000a0ceb00000,0x000000a0cec00000] [id=14820]

Threads with active compile tasks:
C1 CompilerThread0    16348 7487       3       org.eclipse.jdt.internal.compiler.parser.Parser::consumeRule (7847 bytes)

VM state: not at safepoint (normal execution)

VM Mutex/Monitor currently owned by a thread: None

Heap address: 0x00000000c0000000, size: 1024 MB, Compressed Oops mode: 32-bit

CDS archive(s) not mapped
Compressed class space mapped at: 0x0000000100000000-0x0000000140000000, reserved size: 1073741824
Narrow klass base: 0x0000000000000000, Narrow klass shift: 3, Narrow klass range: 0x140000000

GC Precious Log:
 CPUs: 4 total, 4 available
 Memory: 8057M
 Large Page Support: Disabled
 NUMA Support: Disabled
 Compressed Oops: Enabled (32-bit)
 Alignments: Space 512K, Generation 512K, Heap 2M
 Heap Min Capacity: 100M
 Heap Initial Capacity: 100M
 Heap Max Capacity: 1G
 Pre-touch: Disabled
 Parallel Workers: 4

Heap:
 PSYoungGen      total 18944K, used 5570K [0x00000000eab00000, 0x00000000ebe80000, 0x0000000100000000)
  eden space 18432K, 29% used [0x00000000eab00000,0x00000000eb040a50,0x00000000ebd00000)
  from space 512K, 37% used [0x00000000ebe00000,0x00000000ebe30000,0x00000000ebe80000)
  to   space 512K, 0% used [0x00000000ebd80000,0x00000000ebd80000,0x00000000ebe00000)
 ParOldGen       total 68608K, used 37524K [0x00000000c0000000, 0x00000000c4300000, 0x00000000eab00000)
  object space 68608K, 54% used [0x00000000c0000000,0x00000000c24a5260,0x00000000c4300000)
 Metaspace       used 64187K, committed 65408K, reserved 1114112K
  class space    used 7077K, committed 7616K, reserved 1048576K

Card table byte_map: [0x0000027659c70000,0x0000027659e80000] _byte_map_base: 0x0000027659670000

Marking Bits: (ParMarkBitMap*) 0x00007fffea5c83a0
 Begin Bits: [0x000002766bf50000, 0x000002766cf50000)
 End Bits:   [0x000002766cf50000, 0x000002766df50000)

Polling page: 0x0000027658420000

Metaspace:

Usage:
  Non-class:     55.77 MB used.
      Class:      6.91 MB used.
       Both:     62.68 MB used.

Virtual space:
  Non-class space:       64.00 MB reserved,      56.44 MB ( 88%) committed,  1 nodes.
      Class space:        1.00 GB reserved,       7.44 MB ( <1%) committed,  1 nodes.
             Both:        1.06 GB reserved,      63.88 MB (  6%) committed. 

Chunk freelists:
   Non-Class:  6.93 MB
       Class:  8.54 MB
        Both:  15.47 MB

MaxMetaspaceSize: unlimited
CompressedClassSpaceSize: 1.00 GB
Initial GC threshold: 21.00 MB
Current GC threshold: 97.31 MB
CDS: off
MetaspaceReclaimPolicy: balanced
 - commit_granule_bytes: 65536.
 - commit_granule_words: 8192.
 - virtual_space_node_default_size: 8388608.
 - enlarge_chunks_in_place: 1.
 - new_chunks_are_fully_committed: 0.
 - uncommit_free_chunks: 1.
 - use_allocation_guard: 0.
 - handle_deallocations: 1.


Internal statistics:

num_allocs_failed_limit: 9.
num_arena_births: 802.
num_arena_deaths: 14.
num_vsnodes_births: 2.
num_vsnodes_deaths: 0.
num_space_committed: 1022.
num_space_uncommitted: 0.
num_chunks_returned_to_freelist: 23.
num_chunks_taken_from_freelist: 3256.
num_chunk_merges: 13.
num_chunk_splits: 2011.
num_chunks_enlarged: 1141.
num_inconsistent_stats: 0.

CodeHeap 'non-profiled nmethods': size=120000Kb used=3841Kb max_used=3841Kb free=116158Kb
 bounds [0x0000027664a20000, 0x0000027664df0000, 0x000002766bf50000]
CodeHeap 'profiled nmethods': size=120000Kb used=13496Kb max_used=13496Kb free=106504Kb
 bounds [0x000002765cf50000, 0x000002765dc80000, 0x0000027664480000]
CodeHeap 'non-nmethods': size=5760Kb used=1343Kb max_used=1392Kb free=4416Kb
 bounds [0x0000027664480000, 0x00000276646f0000, 0x0000027664a20000]
 total_blobs=7315 nmethods=6632 adapters=597
 compilation: enabled
              stopped_count=0, restarted_count=0
 full_count=0

Compilation events (20 events):
Event: 16.143 Thread 0x000002766e14cae0 nmethod 7479 0x000002765dc7cb10 code [0x000002765dc7cd60, 0x000002765dc7d578]
Event: 16.210 Thread 0x000002767807faa0 7480       4       org.eclipse.osgi.internal.framework.EquinoxBundle::getVersion (11 bytes)
Event: 16.213 Thread 0x000002767807faa0 nmethod 7480 0x0000027664dde010 code [0x0000027664dde1a0, 0x0000027664dde4f8]
Event: 16.225 Thread 0x000002767807faa0 7481       4       org.lombokweb.asm.ByteVector::putByte (39 bytes)
Event: 16.226 Thread 0x000002767807faa0 nmethod 7481 0x0000027664dde810 code [0x0000027664dde9a0, 0x0000027664ddeae8]
Event: 16.267 Thread 0x000002766e14cae0 7482       3       org.eclipse.jdt.internal.compiler.parser.Scanner::areRestrictedModuleKeywordsActive (21 bytes)
Event: 16.267 Thread 0x000002766e14cae0 nmethod 7482 0x000002765dc7d890 code [0x000002765dc7da20, 0x000002765dc7dbd8]
Event: 16.285 Thread 0x000002766e14cae0 7483       3       org.eclipse.jdt.core.compiler.CharOperation::isWhitespace (23 bytes)
Event: 16.285 Thread 0x000002766e14cae0 nmethod 7483 0x000002765dc7dc90 code [0x000002765dc7de40, 0x000002765dc7e018]
Event: 16.286 Thread 0x000002766e14cae0 7484       3       org.eclipse.jdt.internal.compiler.parser.Parser::tAction (35 bytes)
Event: 16.286 Thread 0x000002766e14cae0 nmethod 7484 0x000002765dc7e110 code [0x000002765dc7e2c0, 0x000002765dc7e498]
Event: 16.286 Thread 0x000002766e14cae0 7485       3       org.eclipse.jdt.internal.compiler.parser.Parser::actFromTokenOrSynthetic (9 bytes)
Event: 16.286 Thread 0x000002766e14cae0 nmethod 7485 0x000002765dc7e610 code [0x000002765dc7e7c0, 0x000002765dc7ea18]
Event: 16.286 Thread 0x000002766e14cae0 7486       3       org.eclipse.jdt.internal.compiler.parser.Parser::ntAction (8 bytes)
Event: 16.286 Thread 0x000002766e14cae0 nmethod 7486 0x000002765dc7eb90 code [0x000002765dc7ed20, 0x000002765dc7ee38]
Event: 16.286 Thread 0x000002766e14cae0 7487       3       org.eclipse.jdt.internal.compiler.parser.Parser::consumeRule (7847 bytes)
Event: 16.291 Thread 0x000002766e11a200 7489       4       java.util.zip.ZipFile$InflaterCleanupAction::run (12 bytes)
Event: 16.292 Thread 0x000002767807faa0 7490   !   4       java.util.zip.ZipFile$CleanableResource::releaseInflater (53 bytes)
Event: 16.296 Thread 0x000002767807faa0 nmethod 7490 0x0000027664ddec10 code [0x0000027664ddedc0, 0x0000027664ddf4e8]
Event: 16.296 Thread 0x000002766e11a200 nmethod 7489 0x0000027664ddf910 code [0x0000027664ddfac0, 0x0000027664de0228]

GC Heap History (20 events):
Event: 9.863 GC heap before
{Heap before GC invocations=24 (full 2):
 PSYoungGen      total 20480K, used 20064K [0x00000000eab00000, 0x00000000ec200000, 0x0000000100000000)
  eden space 18432K, 100% used [0x00000000eab00000,0x00000000ebd00000,0x00000000ebd00000)
  from space 2048K, 79% used [0x00000000ebd00000,0x00000000ebe98000,0x00000000ebf00000)
  to   space 2560K, 0% used [0x00000000ebf80000,0x00000000ebf80000,0x00000000ec200000)
 ParOldGen       total 68608K, used 29617K [0x00000000c0000000, 0x00000000c4300000, 0x00000000eab00000)
  object space 68608K, 43% used [0x00000000c0000000,0x00000000c1cec620,0x00000000c4300000)
 Metaspace       used 56371K, committed 57472K, reserved 1114112K
  class space    used 6231K, committed 6720K, reserved 1048576K
}
Event: 9.868 GC heap after
{Heap after GC invocations=24 (full 2):
 PSYoungGen      total 20480K, used 1888K [0x00000000eab00000, 0x00000000ec180000, 0x0000000100000000)
  eden space 18432K, 0% used [0x00000000eab00000,0x00000000eab00000,0x00000000ebd00000)
  from space 2048K, 92% used [0x00000000ebf80000,0x00000000ec158010,0x00000000ec180000)
  to   space 2048K, 0% used [0x00000000ebd00000,0x00000000ebd00000,0x00000000ebf00000)
 ParOldGen       total 68608K, used 31233K [0x00000000c0000000, 0x00000000c4300000, 0x00000000eab00000)
  object space 68608K, 45% used [0x00000000c0000000,0x00000000c1e80620,0x00000000c4300000)
 Metaspace       used 56371K, committed 57472K, reserved 1114112K
  class space    used 6231K, committed 6720K, reserved 1048576K
}
Event: 9.913 GC heap before
{Heap before GC invocations=25 (full 2):
 PSYoungGen      total 20480K, used 20320K [0x00000000eab00000, 0x00000000ec180000, 0x0000000100000000)
  eden space 18432K, 100% used [0x00000000eab00000,0x00000000ebd00000,0x00000000ebd00000)
  from space 2048K, 92% used [0x00000000ebf80000,0x00000000ec158010,0x00000000ec180000)
  to   space 2048K, 0% used [0x00000000ebd00000,0x00000000ebd00000,0x00000000ebf00000)
 ParOldGen       total 68608K, used 31233K [0x00000000c0000000, 0x00000000c4300000, 0x00000000eab00000)
  object space 68608K, 45% used [0x00000000c0000000,0x00000000c1e80620,0x00000000c4300000)
 Metaspace       used 56371K, committed 57472K, reserved 1114112K
  class space    used 6231K, committed 6720K, reserved 1048576K
}
Event: 9.918 GC heap after
{Heap after GC invocations=25 (full 2):
 PSYoungGen      total 20480K, used 1568K [0x00000000eab00000, 0x00000000ec100000, 0x0000000100000000)
  eden space 18432K, 0% used [0x00000000eab00000,0x00000000eab00000,0x00000000ebd00000)
  from space 2048K, 76% used [0x00000000ebd00000,0x00000000ebe88000,0x00000000ebf00000)
  to   space 2048K, 0% used [0x00000000ebf00000,0x00000000ebf00000,0x00000000ec100000)
 ParOldGen       total 68608K, used 33081K [0x00000000c0000000, 0x00000000c4300000, 0x00000000eab00000)
  object space 68608K, 48% used [0x00000000c0000000,0x00000000c204e630,0x00000000c4300000)
 Metaspace       used 56371K, committed 57472K, reserved 1114112K
  class space    used 6231K, committed 6720K, reserved 1048576K
}
Event: 11.106 GC heap before
{Heap before GC invocations=26 (full 2):
 PSYoungGen      total 20480K, used 20000K [0x00000000eab00000, 0x00000000ec100000, 0x0000000100000000)
  eden space 18432K, 100% used [0x00000000eab00000,0x00000000ebd00000,0x00000000ebd00000)
  from space 2048K, 76% used [0x00000000ebd00000,0x00000000ebe88000,0x00000000ebf00000)
  to   space 2048K, 0% used [0x00000000ebf00000,0x00000000ebf00000,0x00000000ec100000)
 ParOldGen       total 68608K, used 33081K [0x00000000c0000000, 0x00000000c4300000, 0x00000000eab00000)
  object space 68608K, 48% used [0x00000000c0000000,0x00000000c204e630,0x00000000c4300000)
 Metaspace       used 57112K, committed 58176K, reserved 1114112K
  class space    used 6297K, committed 6784K, reserved 1048576K
}
Event: 11.111 GC heap after
{Heap after GC invocations=26 (full 2):
 PSYoungGen      total 20480K, used 1888K [0x00000000eab00000, 0x00000000ec100000, 0x0000000100000000)
  eden space 18432K, 0% used [0x00000000eab00000,0x00000000eab00000,0x00000000ebd00000)
  from space 2048K, 92% used [0x00000000ebf00000,0x00000000ec0d8000,0x00000000ec100000)
  to   space 2048K, 0% used [0x00000000ebd00000,0x00000000ebd00000,0x00000000ebf00000)
 ParOldGen       total 68608K, used 34561K [0x00000000c0000000, 0x00000000c4300000, 0x00000000eab00000)
  object space 68608K, 50% used [0x00000000c0000000,0x00000000c21c0630,0x00000000c4300000)
 Metaspace       used 57112K, committed 58176K, reserved 1114112K
  class space    used 6297K, committed 6784K, reserved 1048576K
}
Event: 13.697 GC heap before
{Heap before GC invocations=27 (full 2):
 PSYoungGen      total 20480K, used 20320K [0x00000000eab00000, 0x00000000ec100000, 0x0000000100000000)
  eden space 18432K, 100% used [0x00000000eab00000,0x00000000ebd00000,0x00000000ebd00000)
  from space 2048K, 92% used [0x00000000ebf00000,0x00000000ec0d8000,0x00000000ec100000)
  to   space 2048K, 0% used [0x00000000ebd00000,0x00000000ebd00000,0x00000000ebf00000)
 ParOldGen       total 68608K, used 34561K [0x00000000c0000000, 0x00000000c4300000, 0x00000000eab00000)
  object space 68608K, 50% used [0x00000000c0000000,0x00000000c21c0630,0x00000000c4300000)
 Metaspace       used 58134K, committed 59264K, reserved 1114112K
  class space    used 6406K, committed 6912K, reserved 1048576K
}
Event: 13.706 GC heap after
{Heap after GC invocations=27 (full 2):
 PSYoungGen      total 19456K, used 992K [0x00000000eab00000, 0x00000000ec000000, 0x0000000100000000)
  eden space 18432K, 0% used [0x00000000eab00000,0x00000000eab00000,0x00000000ebd00000)
  from space 1024K, 96% used [0x00000000ebd00000,0x00000000ebdf8000,0x00000000ebe00000)
  to   space 1536K, 0% used [0x00000000ebe80000,0x00000000ebe80000,0x00000000ec000000)
 ParOldGen       total 68608K, used 36378K [0x00000000c0000000, 0x00000000c4300000, 0x00000000eab00000)
  object space 68608K, 53% used [0x00000000c0000000,0x00000000c2386b20,0x00000000c4300000)
 Metaspace       used 58134K, committed 59264K, reserved 1114112K
  class space    used 6406K, committed 6912K, reserved 1048576K
}
Event: 14.024 GC heap before
{Heap before GC invocations=28 (full 2):
 PSYoungGen      total 19456K, used 15431K [0x00000000eab00000, 0x00000000ec000000, 0x0000000100000000)
  eden space 18432K, 78% used [0x00000000eab00000,0x00000000eb919d00,0x00000000ebd00000)
  from space 1024K, 96% used [0x00000000ebd00000,0x00000000ebdf8000,0x00000000ebe00000)
  to   space 1536K, 0% used [0x00000000ebe80000,0x00000000ebe80000,0x00000000ec000000)
 ParOldGen       total 68608K, used 36378K [0x00000000c0000000, 0x00000000c4300000, 0x00000000eab00000)
  object space 68608K, 53% used [0x00000000c0000000,0x00000000c2386b20,0x00000000c4300000)
 Metaspace       used 58674K, committed 59776K, reserved 1114112K
  class space    used 6441K, committed 6976K, reserved 1048576K
}
Event: 14.027 GC heap after
{Heap after GC invocations=28 (full 2):
 PSYoungGen      total 19968K, used 1046K [0x00000000eab00000, 0x00000000ec000000, 0x0000000100000000)
  eden space 18432K, 0% used [0x00000000eab00000,0x00000000eab00000,0x00000000ebd00000)
  from space 1536K, 68% used [0x00000000ebe80000,0x00000000ebf85a30,0x00000000ec000000)
  to   space 1536K, 0% used [0x00000000ebd00000,0x00000000ebd00000,0x00000000ebe80000)
 ParOldGen       total 68608K, used 37298K [0x00000000c0000000, 0x00000000c4300000, 0x00000000eab00000)
  object space 68608K, 54% used [0x00000000c0000000,0x00000000c246c870,0x00000000c4300000)
 Metaspace       used 58674K, committed 59776K, reserved 1114112K
  class space    used 6441K, committed 6976K, reserved 1048576K
}
Event: 14.027 GC heap before
{Heap before GC invocations=29 (full 3):
 PSYoungGen      total 19968K, used 1046K [0x00000000eab00000, 0x00000000ec000000, 0x0000000100000000)
  eden space 18432K, 0% used [0x00000000eab00000,0x00000000eab00000,0x00000000ebd00000)
  from space 1536K, 68% used [0x00000000ebe80000,0x00000000ebf85a30,0x00000000ec000000)
  to   space 1536K, 0% used [0x00000000ebd00000,0x00000000ebd00000,0x00000000ebe80000)
 ParOldGen       total 68608K, used 37298K [0x00000000c0000000, 0x00000000c4300000, 0x00000000eab00000)
  object space 68608K, 54% used [0x00000000c0000000,0x00000000c246c870,0x00000000c4300000)
 Metaspace       used 58674K, committed 59776K, reserved 1114112K
  class space    used 6441K, committed 6976K, reserved 1048576K
}
Event: 14.135 GC heap after
{Heap after GC invocations=29 (full 3):
 PSYoungGen      total 19968K, used 0K [0x00000000eab00000, 0x00000000ec000000, 0x0000000100000000)
  eden space 18432K, 0% used [0x00000000eab00000,0x00000000eab00000,0x00000000ebd00000)
  from space 1536K, 0% used [0x00000000ebe80000,0x00000000ebe80000,0x00000000ec000000)
  to   space 1536K, 0% used [0x00000000ebd00000,0x00000000ebd00000,0x00000000ebe80000)
 ParOldGen       total 68608K, used 36136K [0x00000000c0000000, 0x00000000c4300000, 0x00000000eab00000)
  object space 68608K, 52% used [0x00000000c0000000,0x00000000c234a3f8,0x00000000c4300000)
 Metaspace       used 58674K, committed 59776K, reserved 1114112K
  class space    used 6441K, committed 6976K, reserved 1048576K
}
Event: 14.886 GC heap before
{Heap before GC invocations=30 (full 3):
 PSYoungGen      total 19968K, used 18432K [0x00000000eab00000, 0x00000000ec000000, 0x0000000100000000)
  eden space 18432K, 100% used [0x00000000eab00000,0x00000000ebd00000,0x00000000ebd00000)
  from space 1536K, 0% used [0x00000000ebe80000,0x00000000ebe80000,0x00000000ec000000)
  to   space 1536K, 0% used [0x00000000ebd00000,0x00000000ebd00000,0x00000000ebe80000)
 ParOldGen       total 68608K, used 36136K [0x00000000c0000000, 0x00000000c4300000, 0x00000000eab00000)
  object space 68608K, 52% used [0x00000000c0000000,0x00000000c234a3f8,0x00000000c4300000)
 Metaspace       used 61156K, committed 62272K, reserved 1114112K
  class space    used 6715K, committed 7232K, reserved 1048576K
}
Event: 14.890 GC heap after
{Heap after GC invocations=30 (full 3):
 PSYoungGen      total 19456K, used 728K [0x00000000eab00000, 0x00000000ebf00000, 0x0000000100000000)
  eden space 18432K, 0% used [0x00000000eab00000,0x00000000eab00000,0x00000000ebd00000)
  from space 1024K, 71% used [0x00000000ebd00000,0x00000000ebdb6138,0x00000000ebe00000)
  to   space 1024K, 0% used [0x00000000ebe00000,0x00000000ebe00000,0x00000000ebf00000)
 ParOldGen       total 68608K, used 36144K [0x00000000c0000000, 0x00000000c4300000, 0x00000000eab00000)
  object space 68608K, 52% used [0x00000000c0000000,0x00000000c234c3f8,0x00000000c4300000)
 Metaspace       used 61156K, committed 62272K, reserved 1114112K
  class space    used 6715K, committed 7232K, reserved 1048576K
}
Event: 15.363 GC heap before
{Heap before GC invocations=31 (full 3):
 PSYoungGen      total 19456K, used 19160K [0x00000000eab00000, 0x00000000ebf00000, 0x0000000100000000)
  eden space 18432K, 100% used [0x00000000eab00000,0x00000000ebd00000,0x00000000ebd00000)
  from space 1024K, 71% used [0x00000000ebd00000,0x00000000ebdb6138,0x00000000ebe00000)
  to   space 1024K, 0% used [0x00000000ebe00000,0x00000000ebe00000,0x00000000ebf00000)
 ParOldGen       total 68608K, used 36144K [0x00000000c0000000, 0x00000000c4300000, 0x00000000eab00000)
  object space 68608K, 52% used [0x00000000c0000000,0x00000000c234c3f8,0x00000000c4300000)
 Metaspace       used 61938K, committed 63104K, reserved 1114112K
  class space    used 6820K, committed 7360K, reserved 1048576K
}
Event: 15.365 GC heap after
{Heap after GC invocations=31 (full 3):
 PSYoungGen      total 19456K, used 544K [0x00000000eab00000, 0x00000000ebf00000, 0x0000000100000000)
  eden space 18432K, 0% used [0x00000000eab00000,0x00000000eab00000,0x00000000ebd00000)
  from space 1024K, 53% used [0x00000000ebe00000,0x00000000ebe88000,0x00000000ebf00000)
  to   space 1024K, 0% used [0x00000000ebd00000,0x00000000ebd00000,0x00000000ebe00000)
 ParOldGen       total 68608K, used 36699K [0x00000000c0000000, 0x00000000c4300000, 0x00000000eab00000)
  object space 68608K, 53% used [0x00000000c0000000,0x00000000c23d6e38,0x00000000c4300000)
 Metaspace       used 61938K, committed 63104K, reserved 1114112K
  class space    used 6820K, committed 7360K, reserved 1048576K
}
Event: 15.917 GC heap before
{Heap before GC invocations=32 (full 3):
 PSYoungGen      total 19456K, used 18976K [0x00000000eab00000, 0x00000000ebf00000, 0x0000000100000000)
  eden space 18432K, 100% used [0x00000000eab00000,0x00000000ebd00000,0x00000000ebd00000)
  from space 1024K, 53% used [0x00000000ebe00000,0x00000000ebe88000,0x00000000ebf00000)
  to   space 1024K, 0% used [0x00000000ebd00000,0x00000000ebd00000,0x00000000ebe00000)
 ParOldGen       total 68608K, used 36699K [0x00000000c0000000, 0x00000000c4300000, 0x00000000eab00000)
  object space 68608K, 53% used [0x00000000c0000000,0x00000000c23d6e38,0x00000000c4300000)
 Metaspace       used 63179K, committed 64320K, reserved 1114112K
  class space    used 6969K, committed 7488K, reserved 1048576K
}
Event: 15.920 GC heap after
{Heap after GC invocations=32 (full 3):
 PSYoungGen      total 19456K, used 512K [0x00000000eab00000, 0x00000000ebf00000, 0x0000000100000000)
  eden space 18432K, 0% used [0x00000000eab00000,0x00000000eab00000,0x00000000ebd00000)
  from space 1024K, 50% used [0x00000000ebd00000,0x00000000ebd80000,0x00000000ebe00000)
  to   space 1024K, 0% used [0x00000000ebe00000,0x00000000ebe00000,0x00000000ebf00000)
 ParOldGen       total 68608K, used 37180K [0x00000000c0000000, 0x00000000c4300000, 0x00000000eab00000)
  object space 68608K, 54% used [0x00000000c0000000,0x00000000c244f0a0,0x00000000c4300000)
 Metaspace       used 63179K, committed 64320K, reserved 1114112K
  class space    used 6969K, committed 7488K, reserved 1048576K
}
Event: 16.029 GC heap before
{Heap before GC invocations=33 (full 3):
 PSYoungGen      total 19456K, used 18944K [0x00000000eab00000, 0x00000000ebf00000, 0x0000000100000000)
  eden space 18432K, 100% used [0x00000000eab00000,0x00000000ebd00000,0x00000000ebd00000)
  from space 1024K, 50% used [0x00000000ebd00000,0x00000000ebd80000,0x00000000ebe00000)
  to   space 1024K, 0% used [0x00000000ebe00000,0x00000000ebe00000,0x00000000ebf00000)
 ParOldGen       total 68608K, used 37180K [0x00000000c0000000, 0x00000000c4300000, 0x00000000eab00000)
  object space 68608K, 54% used [0x00000000c0000000,0x00000000c244f0a0,0x00000000c4300000)
 Metaspace       used 63249K, committed 64384K, reserved 1114112K
  class space    used 6978K, committed 7488K, reserved 1048576K
}
Event: 16.031 GC heap after
{Heap after GC invocations=33 (full 3):
 PSYoungGen      total 18944K, used 192K [0x00000000eab00000, 0x00000000ebe80000, 0x0000000100000000)
  eden space 18432K, 0% used [0x00000000eab00000,0x00000000eab00000,0x00000000ebd00000)
  from space 512K, 37% used [0x00000000ebe00000,0x00000000ebe30000,0x00000000ebe80000)
  to   space 512K, 0% used [0x00000000ebd80000,0x00000000ebd80000,0x00000000ebe00000)
 ParOldGen       total 68608K, used 37524K [0x00000000c0000000, 0x00000000c4300000, 0x00000000eab00000)
  object space 68608K, 54% used [0x00000000c0000000,0x00000000c24a5260,0x00000000c4300000)
 Metaspace       used 63249K, committed 64384K, reserved 1114112K
  class space    used 6978K, committed 7488K, reserved 1048576K
}

Dll operation events (11 events):
Event: 0.011 Loaded shared library c:\Users\Pedro Lazaro\.vscode\extensions\redhat.java-1.23.0-win32-x64\jre\17.0.8.1-win32-x86_64\bin\java.dll
Event: 0.457 Loaded shared library c:\Users\Pedro Lazaro\.vscode\extensions\redhat.java-1.23.0-win32-x64\jre\17.0.8.1-win32-x86_64\bin\zip.dll
Event: 0.483 Loaded shared library C:\Users\Pedro Lazaro\.vscode\extensions\redhat.java-1.23.0-win32-x64\jre\17.0.8.1-win32-x86_64\bin\instrument.dll
Event: 0.536 Loaded shared library C:\Users\Pedro Lazaro\.vscode\extensions\redhat.java-1.23.0-win32-x64\jre\17.0.8.1-win32-x86_64\bin\net.dll
Event: 0.539 Loaded shared library C:\Users\Pedro Lazaro\.vscode\extensions\redhat.java-1.23.0-win32-x64\jre\17.0.8.1-win32-x86_64\bin\nio.dll
Event: 0.547 Loaded shared library C:\Users\Pedro Lazaro\.vscode\extensions\redhat.java-1.23.0-win32-x64\jre\17.0.8.1-win32-x86_64\bin\zip.dll
Event: 0.569 Loaded shared library C:\Users\Pedro Lazaro\.vscode\extensions\redhat.java-1.23.0-win32-x64\jre\17.0.8.1-win32-x86_64\bin\jimage.dll
Event: 0.676 Loaded shared library c:\Users\Pedro Lazaro\.vscode\extensions\redhat.java-1.23.0-win32-x64\jre\17.0.8.1-win32-x86_64\bin\verify.dll
Event: 2.631 Loaded shared library C:\Users\Pedro Lazaro\AppData\Roaming\Code\User\globalStorage\redhat.java\1.23.0\config_win\org.eclipse.equinox.launcher\org.eclipse.equinox.launcher.win32.win32.x86_64_1.2.700.v20221108-1024\eclipse_11801.dll
Event: 7.678 Loaded shared library C:\Users\Pedro Lazaro\AppData\Local\Temp\jna--946743827\jna14985299759627697362.dll
Event: 8.709 Loaded shared library C:\Users\Pedro Lazaro\.vscode\extensions\redhat.java-1.23.0-win32-x64\jre\17.0.8.1-win32-x86_64\bin\sunmscapi.dll

Deoptimization events (20 events):
Event: 16.004 Thread 0x000002767413fbd0 DEOPT PACKING pc=0x0000027664d6de74 sp=0x000000a0cf4fec40
Event: 16.004 Thread 0x000002767413fbd0 DEOPT UNPACKING pc=0x00000276644d66a3 sp=0x000000a0cf4fec48 mode 2
Event: 16.010 Thread 0x000002767413fbd0 Uncommon trap: trap_request=0xffffff45 fr.pc=0x0000027664d4dca8 relative=0x00000000000006e8
Event: 16.010 Thread 0x000002767413fbd0 Uncommon trap: reason=unstable_if action=reinterpret pc=0x0000027664d4dca8 method=org.eclipse.jdt.internal.core.util.HashtableOfArrayToObject.get([Ljava/lang/Object;)Ljava/lang/Object; @ 64 c2
Event: 16.010 Thread 0x000002767413fbd0 DEOPT PACKING pc=0x0000027664d4dca8 sp=0x000000a0cf4fef30
Event: 16.010 Thread 0x000002767413fbd0 DEOPT UNPACKING pc=0x00000276644d66a3 sp=0x000000a0cf4feef0 mode 2
Event: 16.019 Thread 0x000002767413fbd0 Uncommon trap: trap_request=0xffffff45 fr.pc=0x0000027664b09e0c relative=0x00000000000002cc
Event: 16.019 Thread 0x000002767413fbd0 Uncommon trap: reason=unstable_if action=reinterpret pc=0x0000027664b09e0c method=jdk.internal.jrtfs.JrtFileSystem.checkNode(Ljdk/internal/jrtfs/JrtPath;)Ljdk/internal/jimage/ImageReader$Node; @ 16 c2
Event: 16.019 Thread 0x000002767413fbd0 DEOPT PACKING pc=0x0000027664b09e0c sp=0x000000a0cf4fe360
Event: 16.019 Thread 0x000002767413fbd0 DEOPT UNPACKING pc=0x00000276644d66a3 sp=0x000000a0cf4fe310 mode 2
Event: 16.023 Thread 0x000002767413fbd0 Uncommon trap: trap_request=0xffffff45 fr.pc=0x0000027664b0b7f4 relative=0x0000000000000ef4
Event: 16.023 Thread 0x000002767413fbd0 Uncommon trap: reason=unstable_if action=reinterpret pc=0x0000027664b0b7f4 method=org.eclipse.jdt.internal.core.util.Util.splitOn(CLjava/lang/String;II)[Ljava/lang/String; @ 16 c2
Event: 16.023 Thread 0x000002767413fbd0 DEOPT PACKING pc=0x0000027664b0b7f4 sp=0x000000a0cf4febe0
Event: 16.023 Thread 0x000002767413fbd0 DEOPT UNPACKING pc=0x00000276644d66a3 sp=0x000000a0cf4febd0 mode 2
Event: 16.024 Thread 0x000002767413fbd0 Uncommon trap: trap_request=0xffffff45 fr.pc=0x0000027664aa46b8 relative=0x0000000000000198
Event: 16.024 Thread 0x000002767413fbd0 Uncommon trap: reason=unstable_if action=reinterpret pc=0x0000027664aa46b8 method=java.lang.String.regionMatches(ILjava/lang/String;II)Z @ 115 c2
Event: 16.024 Thread 0x000002767413fbd0 DEOPT PACKING pc=0x0000027664aa46b8 sp=0x000000a0cf4fde60
Event: 16.024 Thread 0x000002767413fbd0 DEOPT UNPACKING pc=0x00000276644d66a3 sp=0x000000a0cf4fddd8 mode 2
Event: 16.050 Thread 0x000002767413fbd0 DEOPT PACKING pc=0x000002765cfc7789 sp=0x000000a0cf4fe4d0
Event: 16.050 Thread 0x000002767413fbd0 DEOPT UNPACKING pc=0x00000276644d6e43 sp=0x000000a0cf4fd9c8 mode 0

Classes unloaded (7 events):
Event: 4.148 Thread 0x000002766e0db9f0 Unloading class 0x000000010024c000 'java/lang/invoke/LambdaForm$MH+0x000000010024c000'
Event: 4.148 Thread 0x000002766e0db9f0 Unloading class 0x000000010024bc00 'java/lang/invoke/LambdaForm$MH+0x000000010024bc00'
Event: 4.148 Thread 0x000002766e0db9f0 Unloading class 0x000000010024b800 'java/lang/invoke/LambdaForm$MH+0x000000010024b800'
Event: 4.148 Thread 0x000002766e0db9f0 Unloading class 0x000000010024b400 'java/lang/invoke/LambdaForm$MH+0x000000010024b400'
Event: 4.148 Thread 0x000002766e0db9f0 Unloading class 0x000000010024b000 'java/lang/invoke/LambdaForm$BMH+0x000000010024b000'
Event: 4.148 Thread 0x000002766e0db9f0 Unloading class 0x000000010024ac00 'java/lang/invoke/LambdaForm$DMH+0x000000010024ac00'
Event: 4.148 Thread 0x000002766e0db9f0 Unloading class 0x0000000100248000 'java/lang/invoke/LambdaForm$DMH+0x0000000100248000'

Classes redefined (0 events):
No events

Internal exceptions (20 events):
Event: 13.563 Thread 0x0000027675d2b7f0 Exception <a 'java/io/FileNotFoundException'{0x00000000eb46dd60}> (0x00000000eb46dd60) 
thrown [s\src\hotspot\share\prims\jni.cpp, line 516]
Event: 13.568 Thread 0x0000027675d2b7f0 Exception <a 'java/io/FileNotFoundException'{0x00000000eb4788e8}> (0x00000000eb4788e8) 
thrown [s\src\hotspot\share\prims\jni.cpp, line 516]
Event: 13.568 Thread 0x0000027675d2b7f0 Exception <a 'java/io/FileNotFoundException'{0x00000000eb479c28}> (0x00000000eb479c28) 
thrown [s\src\hotspot\share\prims\jni.cpp, line 516]
Event: 14.566 Thread 0x0000027675d2b7f0 Exception <a 'java/lang/NoSuchMethodError'{0x00000000eb672498}: 'java.lang.Object java.lang.invoke.DirectMethodHandle$Holder.newInvokeSpecial(java.lang.Object, java.lang.Object, java.lang.Object, int)'> (0x00000000eb672498) 
thrown [s\src\hotspot\share\interpreter\linkResolver.cpp, line 759]
Event: 14.567 Thread 0x0000027675d2b7f0 Exception <a 'java/lang/NoSuchMethodError'{0x00000000eb6767e8}: 'java.lang.Object java.lang.invoke.DirectMethodHandle$Holder.invokeSpecial(java.lang.Object, java.lang.Object, java.lang.Object, java.lang.Object, int)'> (0x00000000eb6767e8) 
thrown [s\src\hotspot\share\interpreter\linkResolver.cpp, line 759]
Event: 14.567 Thread 0x0000027675d2b7f0 Exception <a 'java/lang/NoSuchMethodError'{0x00000000eb679ef0}: 'java.lang.Object java.lang.invoke.Invokers$Holder.linkToTargetMethod(java.lang.Object, java.lang.Object, int, java.lang.Object)'> (0x00000000eb679ef0) 
thrown [s\src\hotspot\share\interpreter\linkResolver.cpp, line 759]
Event: 14.772 Thread 0x0000027675d2b7f0 Exception <a 'java/lang/NoSuchMethodError'{0x00000000ebb09060}: 'void java.lang.invoke.DirectMethodHandle$Holder.invokeInterface(java.lang.Object, java.lang.Object)'> (0x00000000ebb09060) 
thrown [s\src\hotspot\share\interpreter\linkResolver.cpp, line 759]
Event: 14.811 Thread 0x0000027675d2e070 Exception <a 'java/lang/NoSuchMethodError'{0x00000000ebbb9378}: 'java.lang.Object java.lang.invoke.Invokers$Holder.linkToTargetMethod(java.lang.Object, java.lang.Object, java.lang.Object, java.lang.Object, java.lang.Object, java.lang.Object, java.lang.Object)'> (0x00000000ebbb9378) 
thrown [s\src\hotspot\share\interpreter\linkResolver.cpp, line 759]
Event: 14.913 Thread 0x0000027675d2b7f0 Exception <a 'java/lang/NoSuchMethodError'{0x00000000eac14340}: 'java.lang.Object java.lang.invoke.DirectMethodHandle$Holder.newInvokeSpecial(java.lang.Object, java.lang.Object, int, java.lang.Object, java.lang.Object)'> (0x00000000eac14340) 
thrown [s\src\hotspot\share\interpreter\linkResolver.cpp, line 759]
Event: 14.926 Thread 0x0000027675d2b7f0 Exception <a 'java/lang/NoSuchMethodError'{0x00000000eac58350}: 'java.lang.Object java.lang.invoke.DirectMethodHandle$Holder.invokeStatic(java.lang.Object, int, java.lang.Object, java.lang.Object)'> (0x00000000eac58350) 
thrown [s\src\hotspot\share\interpreter\linkResolver.cpp, line 759]
Event: 14.927 Thread 0x0000027675d2b7f0 Exception <a 'java/lang/NoSuchMethodError'{0x00000000eac5c3e0}: 'java.lang.Object java.lang.invoke.DelegatingMethodHandle$Holder.delegate(java.lang.Object, int, java.lang.Object, java.lang.Object)'> (0x00000000eac5c3e0) 
thrown [s\src\hotspot\share\interpreter\linkResolver.cpp, line 759]
Event: 14.929 Thread 0x0000027675d2b7f0 Exception <a 'java/lang/NoSuchMethodError'{0x00000000eac71378}: 'int java.lang.invoke.Invokers$Holder.linkToTargetMethod(java.lang.Object, java.lang.Object, java.lang.Object)'> (0x00000000eac71378) 
thrown [s\src\hotspot\share\interpreter\linkResolver.cpp, line 759]
Event: 14.989 Thread 0x0000027675d2b7f0 Exception <a 'java/lang/NoSuchMethodError'{0x00000000eae73118}: 'java.lang.Object java.lang.invoke.DirectMethodHandle$Holder.invokeStatic(java.lang.Object, java.lang.Object, int, java.lang.Object, java.lang.Object)'> (0x00000000eae73118) 
thrown [s\src\hotspot\share\interpreter\linkResolver.cpp, line 759]
Event: 15.025 Thread 0x0000027675d2b7f0 Exception <a 'java/lang/NoSuchMethodError'{0x00000000eaf11a20}: 'void java.lang.invoke.DirectMethodHandle$Holder.invokeStatic(java.lang.Object, int)'> (0x00000000eaf11a20) 
thrown [s\src\hotspot\share\interpreter\linkResolver.cpp, line 759]
Event: 15.315 Thread 0x0000027675d2b7f0 Exception <a 'java/io/FileNotFoundException'{0x00000000eb3c6e30}> (0x00000000eb3c6e30) 
thrown [s\src\hotspot\share\prims\jni.cpp, line 516]
Event: 15.315 Thread 0x0000027675d2b7f0 Exception <a 'java/io/FileNotFoundException'{0x00000000eb3c81d8}> (0x00000000eb3c81d8) 
thrown [s\src\hotspot\share\prims\jni.cpp, line 516]
Event: 15.515 Thread 0x0000027675d2b7f0 Exception <a 'java/io/FileNotFoundException'{0x00000000eb3f5bb8}> (0x00000000eb3f5bb8) 
thrown [s\src\hotspot\share\prims\jni.cpp, line 516]
Event: 15.679 Thread 0x0000027675d2b7f0 Exception <a 'java/lang/NoSuchMethodError'{0x00000000eb664db8}: 'java.lang.Object java.lang.invoke.DirectMethodHandle$Holder.invokeInterface(java.lang.Object, java.lang.Object, java.lang.Object)'> (0x00000000eb664db8) 
thrown [s\src\hotspot\share\interpreter\linkResolver.cpp, line 759]
Event: 15.698 Thread 0x000002767413fbd0 Exception <a 'java/io/FileNotFoundException'{0x00000000eb6f9388}> (0x00000000eb6f9388) 
thrown [s\src\hotspot\share\prims\jni.cpp, line 516]
Event: 15.815 Thread 0x000002767413fbd0 Exception <a 'java/lang/NoSuchMethodError'{0x00000000eb83c0d8}: 'void java.lang.invoke.DirectMethodHandle$Holder.invokeSpecial(java.lang.Object, java.lang.Object, java.lang.Object, java.lang.Object, java.lang.Object)'> (0x00000000eb83c0d8) 
thrown [s\src\hotspot\share\interpreter\linkResolver.cpp, line 759]

VM Operations (20 events):
Event: 15.446 Executing VM operation: HandshakeAllThreads
Event: 15.446 Executing VM operation: HandshakeAllThreads done
Event: 15.461 Executing VM operation: HandshakeAllThreads
Event: 15.461 Executing VM operation: HandshakeAllThreads done
Event: 15.848 Executing VM operation: HandshakeAllThreads
Event: 15.903 Executing VM operation: HandshakeAllThreads done
Event: 15.917 Executing VM operation: ParallelGCFailedAllocation
Event: 15.920 Executing VM operation: ParallelGCFailedAllocation done
Event: 16.015 Executing VM operation: HandshakeAllThreads
Event: 16.015 Executing VM operation: HandshakeAllThreads done
Event: 16.029 Executing VM operation: ParallelGCFailedAllocation
Event: 16.031 Executing VM operation: ParallelGCFailedAllocation done
Event: 16.075 Executing VM operation: HandshakeAllThreads
Event: 16.075 Executing VM operation: HandshakeAllThreads done
Event: 16.139 Executing VM operation: HandshakeAllThreads
Event: 16.139 Executing VM operation: HandshakeAllThreads done
Event: 16.215 Executing VM operation: HandshakeAllThreads
Event: 16.215 Executing VM operation: HandshakeAllThreads done
Event: 16.220 Executing VM operation: HandshakeAllThreads
Event: 16.220 Executing VM operation: HandshakeAllThreads done

Events (20 events):
Event: 15.798 Thread 0x0000027675d2add0 Thread added: 0x0000027675d2add0
Event: 16.026 Thread 0x000002767807faa0 Thread added: 0x000002767807faa0
Event: 16.074 loading class java/util/stream/ReduceOps$5
Event: 16.074 loading class java/util/stream/ReduceOps$5 done
Event: 16.075 loading class java/util/stream/ReduceOps$CountingSink$OfRef
Event: 16.075 loading class java/util/stream/ReduceOps$CountingSink
Event: 16.076 loading class java/util/stream/ReduceOps$CountingSink done
Event: 16.076 loading class java/util/stream/ReduceOps$CountingSink$OfRef done
Event: 16.123 loading class java/util/stream/ReduceOps$1
Event: 16.124 loading class java/util/stream/ReduceOps$1 done
Event: 16.124 loading class java/util/stream/ReduceOps$1ReducingSink
Event: 16.124 loading class java/util/stream/ReduceOps$1ReducingSink done
Event: 16.197 loading class sun/nio/cs/ThreadLocalCoders
Event: 16.198 loading class sun/nio/cs/ThreadLocalCoders done
Event: 16.198 loading class sun/nio/cs/ThreadLocalCoders$1
Event: 16.198 loading class sun/nio/cs/ThreadLocalCoders$Cache
Event: 16.198 loading class sun/nio/cs/ThreadLocalCoders$Cache done
Event: 16.198 loading class sun/nio/cs/ThreadLocalCoders$1 done
Event: 16.198 loading class sun/nio/cs/ThreadLocalCoders$2
Event: 16.198 loading class sun/nio/cs/ThreadLocalCoders$2 done


Dynamic libraries:
0x00007ff7b6520000 - 0x00007ff7b652e000 	c:\Users\Pedro Lazaro\.vscode\extensions\redhat.java-1.23.0-win32-x64\jre\17.0.8.1-win32-x86_64\bin\java.exe
0x00007ff83bf70000 - 0x00007ff83c168000 	C:\WINDOWS\SYSTEM32\ntdll.dll
0x00007ff83bc80000 - 0x00007ff83bd3d000 	C:\WINDOWS\System32\KERNEL32.DLL
0x00007ff839650000 - 0x00007ff839946000 	C:\WINDOWS\System32\KERNELBASE.dll
0x00007ff839e60000 - 0x00007ff839f60000 	C:\WINDOWS\System32\ucrtbase.dll
0x00007ff829110000 - 0x00007ff829127000 	c:\Users\Pedro Lazaro\.vscode\extensions\redhat.java-1.23.0-win32-x64\jre\17.0.8.1-win32-x86_64\bin\jli.dll
0x00007ff83a3d0000 - 0x00007ff83a56e000 	C:\WINDOWS\System32\USER32.dll
0x00007ff8399f0000 - 0x00007ff839a12000 	C:\WINDOWS\System32\win32u.dll
0x00007ff83a100000 - 0x00007ff83a12c000 	C:\WINDOWS\System32\GDI32.dll
0x00007ff839b50000 - 0x00007ff839c6a000 	C:\WINDOWS\System32\gdi32full.dll
0x00007ff839950000 - 0x00007ff8399ed000 	C:\WINDOWS\System32\msvcp_win.dll
0x00007ff828fb0000 - 0x00007ff828fc9000 	c:\Users\Pedro Lazaro\.vscode\extensions\redhat.java-1.23.0-win32-x64\jre\17.0.8.1-win32-x86_64\bin\VCRUNTIME140.dll
0x00007ff826490000 - 0x00007ff82672a000 	C:\WINDOWS\WinSxS\amd64_microsoft.windows.common-controls_6595b64144ccf1df_6.0.19041.1110_none_60b5254171f9507e\COMCTL32.dll
0x00007ff83be80000 - 0x00007ff83bf1e000 	C:\WINDOWS\System32\msvcrt.dll
0x00007ff83bdf0000 - 0x00007ff83be20000 	C:\WINDOWS\System32\IMM32.DLL
0x00007ff832540000 - 0x00007ff83254c000 	c:\Users\Pedro Lazaro\.vscode\extensions\redhat.java-1.23.0-win32-x64\jre\17.0.8.1-win32-x86_64\bin\vcruntime140_1.dll
0x00007ff8015e0000 - 0x00007ff801671000 	c:\Users\Pedro Lazaro\.vscode\extensions\redhat.java-1.23.0-win32-x64\jre\17.0.8.1-win32-x86_64\bin\msvcp140.dll
0x00007fffe9a40000 - 0x00007fffea68c000 	c:\Users\Pedro Lazaro\.vscode\extensions\redhat.java-1.23.0-win32-x64\jre\17.0.8.1-win32-x86_64\bin\server\jvm.dll
0x00007ff83bd40000 - 0x00007ff83bdee000 	C:\WINDOWS\System32\ADVAPI32.dll
0x00007ff83a2b0000 - 0x00007ff83a34c000 	C:\WINDOWS\System32\sechost.dll
0x00007ff83a940000 - 0x00007ff83aa66000 	C:\WINDOWS\System32\RPCRT4.dll
0x00007ff8394a0000 - 0x00007ff8394eb000 	C:\WINDOWS\SYSTEM32\POWRPROF.dll
0x00007ff82ac40000 - 0x00007ff82ac49000 	C:\WINDOWS\SYSTEM32\WSOCK32.dll
0x00007ff83a8d0000 - 0x00007ff83a93b000 	C:\WINDOWS\System32\WS2_32.dll
0x00007ff822810000 - 0x00007ff822837000 	C:\WINDOWS\SYSTEM32\WINMM.dll
0x00007ff836c00000 - 0x00007ff836c0a000 	C:\WINDOWS\SYSTEM32\VERSION.dll
0x00007ff839480000 - 0x00007ff839492000 	C:\WINDOWS\SYSTEM32\UMPDC.dll
0x00007ff837e70000 - 0x00007ff837e82000 	C:\WINDOWS\SYSTEM32\kernel.appcore.dll
0x00007ff831e30000 - 0x00007ff831e3a000 	c:\Users\Pedro Lazaro\.vscode\extensions\redhat.java-1.23.0-win32-x64\jre\17.0.8.1-win32-x86_64\bin\jimage.dll
0x00007ff824030000 - 0x00007ff824214000 	C:\WINDOWS\SYSTEM32\DBGHELP.DLL
0x00007ff8234c0000 - 0x00007ff8234f4000 	C:\WINDOWS\SYSTEM32\dbgcore.DLL
0x00007ff839c70000 - 0x00007ff839cf2000 	C:\WINDOWS\System32\bcryptPrimitives.dll
0x00007ff831da0000 - 0x00007ff831dae000 	c:\Users\Pedro Lazaro\.vscode\extensions\redhat.java-1.23.0-win32-x64\jre\17.0.8.1-win32-x86_64\bin\instrument.dll
0x00007ff821dd0000 - 0x00007ff821df5000 	c:\Users\Pedro Lazaro\.vscode\extensions\redhat.java-1.23.0-win32-x64\jre\17.0.8.1-win32-x86_64\bin\java.dll
0x00007ff8280a0000 - 0x00007ff8280b8000 	c:\Users\Pedro Lazaro\.vscode\extensions\redhat.java-1.23.0-win32-x64\jre\17.0.8.1-win32-x86_64\bin\zip.dll
0x00007ff83b530000 - 0x00007ff83bc75000 	C:\WINDOWS\System32\SHELL32.dll
0x00007ff8376c0000 - 0x00007ff837e5b000 	C:\WINDOWS\SYSTEM32\windows.storage.dll
0x00007ff83a570000 - 0x00007ff83a8c4000 	C:\WINDOWS\System32\combase.dll
0x00007ff838fc0000 - 0x00007ff838fee000 	C:\WINDOWS\SYSTEM32\Wldp.dll
0x00007ff83a050000 - 0x00007ff83a0fd000 	C:\WINDOWS\System32\SHCORE.dll
0x00007ff83af90000 - 0x00007ff83afe5000 	C:\WINDOWS\System32\shlwapi.dll
0x00007ff839580000 - 0x00007ff8395a5000 	C:\WINDOWS\SYSTEM32\profapi.dll
0x00007ff828000000 - 0x00007ff828019000 	C:\Users\Pedro Lazaro\.vscode\extensions\redhat.java-1.23.0-win32-x64\jre\17.0.8.1-win32-x86_64\bin\net.dll
0x00007ff82b390000 - 0x00007ff82b49a000 	C:\WINDOWS\SYSTEM32\WINHTTP.dll
0x00007ff838d20000 - 0x00007ff838d8a000 	C:\WINDOWS\system32\mswsock.dll
0x00007ff827ea0000 - 0x00007ff827eb5000 	C:\Users\Pedro Lazaro\.vscode\extensions\redhat.java-1.23.0-win32-x64\jre\17.0.8.1-win32-x86_64\bin\nio.dll
0x00007ff831d70000 - 0x00007ff831d80000 	c:\Users\Pedro Lazaro\.vscode\extensions\redhat.java-1.23.0-win32-x64\jre\17.0.8.1-win32-x86_64\bin\verify.dll
0x00007ff828c70000 - 0x00007ff828cae000 	C:\Users\Pedro Lazaro\AppData\Roaming\Code\User\globalStorage\redhat.java\1.23.0\config_win\org.eclipse.equinox.launcher\org.eclipse.equinox.launcher.win32.win32.x86_64_1.2.700.v20221108-1024\eclipse_11801.dll
0x00007ff83ad70000 - 0x00007ff83ae9a000 	C:\WINDOWS\System32\ole32.dll
0x00007ff838f10000 - 0x00007ff838f28000 	C:\WINDOWS\SYSTEM32\CRYPTSP.dll
0x00007ff838630000 - 0x00007ff838664000 	C:\WINDOWS\system32\rsaenh.dll
0x00007ff839a20000 - 0x00007ff839a47000 	C:\WINDOWS\System32\bcrypt.dll
0x00007ff839500000 - 0x00007ff83952e000 	C:\WINDOWS\SYSTEM32\USERENV.dll
0x00007ff838f30000 - 0x00007ff838f3c000 	C:\WINDOWS\SYSTEM32\CRYPTBASE.dll
0x00007ff838a10000 - 0x00007ff838a4b000 	C:\WINDOWS\SYSTEM32\IPHLPAPI.DLL
0x00007ff83aa70000 - 0x00007ff83aa78000 	C:\WINDOWS\System32\NSI.dll
0x00007ff831490000 - 0x00007ff8314a7000 	C:\WINDOWS\SYSTEM32\dhcpcsvc6.DLL
0x00007ff830d70000 - 0x00007ff830d8d000 	C:\WINDOWS\SYSTEM32\dhcpcsvc.DLL
0x00007ff838a50000 - 0x00007ff838b1a000 	C:\WINDOWS\SYSTEM32\DNSAPI.dll
0x00007ff823ee0000 - 0x00007ff823f25000 	C:\Users\Pedro Lazaro\AppData\Local\Temp\jna--946743827\jna14985299759627697362.dll
0x00007ff83bf20000 - 0x00007ff83bf28000 	C:\WINDOWS\System32\PSAPI.DLL
0x00007ff834cb0000 - 0x00007ff834cbe000 	C:\Users\Pedro Lazaro\.vscode\extensions\redhat.java-1.23.0-win32-x64\jre\17.0.8.1-win32-x86_64\bin\sunmscapi.dll
0x00007ff839d00000 - 0x00007ff839e5e000 	C:\WINDOWS\System32\CRYPT32.dll
0x00007ff839090000 - 0x00007ff8390b8000 	C:\WINDOWS\SYSTEM32\ncrypt.dll
0x00007ff838ff0000 - 0x00007ff83902b000 	C:\WINDOWS\SYSTEM32\NTASN1.dll
0x0000000056d80000 - 0x0000000056da6000 	C:\Program Files\Bonjour\mdnsNSP.dll
0x00007ff82ac20000 - 0x00007ff82ac2a000 	C:\Windows\System32\rasadhlp.dll
0x00007ff82ae80000 - 0x00007ff82af02000 	C:\WINDOWS\System32\fwpuclnt.dll

dbghelp: loaded successfully - version: 4.0.5 - missing functions: none
symbol engine: initialized successfully - sym options: 0x614 - pdb path: .;c:\Users\Pedro Lazaro\.vscode\extensions\redhat.java-1.23.0-win32-x64\jre\17.0.8.1-win32-x86_64\bin;C:\WINDOWS\SYSTEM32;C:\WINDOWS\WinSxS\amd64_microsoft.windows.common-controls_6595b64144ccf1df_6.0.19041.1110_none_60b5254171f9507e;c:\Users\Pedro Lazaro\.vscode\extensions\redhat.java-1.23.0-win32-x64\jre\17.0.8.1-win32-x86_64\bin\server;C:\Users\Pedro Lazaro\AppData\Roaming\Code\User\globalStorage\redhat.java\1.23.0\config_win\org.eclipse.equinox.launcher\org.eclipse.equinox.launcher.win32.win32.x86_64_1.2.700.v20221108-1024;C:\Users\Pedro Lazaro\AppData\Local\Temp\jna--946743827;C:\Program Files\Bonjour

VM Arguments:
jvm_args: --add-modules=ALL-SYSTEM --add-opens=java.base/java.util=ALL-UNNAMED --add-opens=java.base/java.lang=ALL-UNNAMED --add-opens=java.base/sun.nio.fs=ALL-UNNAMED -Declipse.application=org.eclipse.jdt.ls.core.id1 -Dosgi.bundles.defaultStartLevel=4 -Declipse.product=org.eclipse.jdt.ls.core.product -Djava.import.generatesMetadataFilesAtProjectRoot=false -DDetectVMInstallationsJob.disabled=true -Dfile.encoding=utf8 -XX:+UseParallelGC -XX:GCTimeRatio=4 -XX:AdaptiveSizePolicyWeight=90 -Dsun.zip.disableMemoryMapping=true -Xmx1G -Xms100m -Xlog:disable -javaagent:c:\Users\Pedro Lazaro\.vscode\extensions\redhat.java-1.23.0-win32-x64\lombok\lombok-1.18.30.jar -XX:+HeapDumpOnOutOfMemoryError -XX:HeapDumpPath=c:\Users\Pedro Lazaro\AppData\Roaming\Code\User\workspaceStorage\9da8e83c8e456c414514d19a346950fd\redhat.java -Daether.dependencyCollector.impl=bf 
java_command: c:\Users\Pedro Lazaro\.vscode\extensions\redhat.java-1.23.0-win32-x64\server\plugins\org.eclipse.equinox.launcher_1.6.500.v20230717-2134.jar -configuration c:\Users\Pedro Lazaro\AppData\Roaming\Code\User\globalStorage\redhat.java\1.23.0\config_win -data c:\Users\Pedro Lazaro\AppData\Roaming\Code\User\workspaceStorage\9da8e83c8e456c414514d19a346950fd\redhat.java\jdt_ws
java_class_path (initial): c:\Users\Pedro Lazaro\.vscode\extensions\redhat.java-1.23.0-win32-x64\server\plugins\org.eclipse.equinox.launcher_1.6.500.v20230717-2134.jar
Launcher Type: SUN_STANDARD

[Global flags]
    uintx AdaptiveSizePolicyWeight                 = 90                                        {product} {command line}
     intx CICompilerCount                          = 3                                         {product} {ergonomic}
    uintx GCTimeRatio                              = 4                                         {product} {command line}
     bool HeapDumpOnOutOfMemoryError               = true                                   {manageable} {command line}
    ccstr HeapDumpPath                             = c:\Users\Pedro Lazaro\AppData\Roaming\Code\User\workspaceStorage\9da8e83c8e456c414514d19a346950fd\redhat.java         {manageable} {command line}
   size_t InitialHeapSize                          = 104857600                                 {product} {command line}
   size_t MaxHeapSize                              = 1073741824                                {product} {command line}
   size_t MaxNewSize                               = 357564416                                 {product} {ergonomic}
   size_t MinHeapDeltaBytes                        = 524288                                    {product} {ergonomic}
   size_t MinHeapSize                              = 104857600                                 {product} {command line}
   size_t NewSize                                  = 34603008                                  {product} {ergonomic}
    uintx NonNMethodCodeHeapSize                   = 5832780                                {pd product} {ergonomic}
    uintx NonProfiledCodeHeapSize                  = 122912730                              {pd product} {ergonomic}
   size_t OldSize                                  = 70254592                                  {product} {ergonomic}
    uintx ProfiledCodeHeapSize                     = 122912730                              {pd product} {ergonomic}
    uintx ReservedCodeCacheSize                    = 251658240                              {pd product} {ergonomic}
     bool SegmentedCodeCache                       = true                                      {product} {ergonomic}
   size_t SoftMaxHeapSize                          = 1073741824                             {manageable} {ergonomic}
     bool UseCompressedClassPointers               = true                           {product lp64_product} {ergonomic}
     bool UseCompressedOops                        = true                           {product lp64_product} {ergonomic}
     bool UseLargePagesIndividualAllocation        = false                                  {pd product} {ergonomic}
     bool UseParallelGC                            = true                                      {product} {command line}

Logging:
Log output configuration:
 #0: stdout all=off uptime,level,tags
 #1: stderr all=off uptime,level,tags

Environment Variables:
JAVA_HOME=C:\Program Files\Java\jdk-11
PATH=C:\Program Files\Common Files\Oracle\Java\javapath;C:\ProgramData\Oracle\Java\javapath;C:\WINDOWS\system32;C:\WINDOWS;C:\WINDOWS\System32\Wbem;C:\WINDOWS\System32\WindowsPowerShell\v1.0\;C:\WINDOWS\System32\OpenSSH\;C:\Program Files\dotnet\;C:\Program Files\Git\cmd;C:\ProgramData\chocolatey\bin;C:\Program Files\RedHat\java-17-openjdk-17.0.8.0.7-1.jre\bin;C:\Program Files\nodejs\;C:\Users\Pedro Lazaro\.console-ninja\.bin;C:\Program Files\Java\jdk-11\bin;C:\Users\Pedro Lazaro\AppData\Local\GitHubDesktop\bin;C:\Users\Pedro Lazaro\AppData\Local\Programs\Microsoft VS Code\bin;C:\Users\Pedro Lazaro\AppData\Roaming\npm
USERNAME=Pedro Lazaro
OS=Windows_NT
PROCESSOR_IDENTIFIER=Intel64 Family 6 Model 142 Stepping 9, GenuineIntel
TMP=C:\Users\PEDROL~1\AppData\Local\Temp
TEMP=C:\Users\PEDROL~1\AppData\Local\Temp



---------------  S Y S T E M  ---------------

OS:
 Windows 10 , 64 bit Build 19041 (10.0.19041.3393)
OS uptime: 17 days 12:00 hours

CPU: total 4 (initial active 4) (2 cores per cpu, 2 threads per core) family 6 model 142 stepping 9 microcode 0xea, cx8, cmov, fxsr, ht, mmx, 3dnowpref, sse, sse2, sse3, ssse3, sse4.1, sse4.2, popcnt, lzcnt, tsc, tscinvbit, avx, avx2, aes, erms, clmul, bmi1, bmi2, rtm, adx, fma, vzeroupper, clflush, clflushopt
Processor Information for all 4 processors :
  Max Mhz: 2301, Current Mhz: 2301, Mhz Limit: 2301

Memory: 4k page, system-wide physical 8057M (635M free)
TotalPageFile size 9924M (AvailPageFile size 271M)
current process WorkingSet (physical memory assigned to process): 215M, peak: 222M
current process commit charge ("private bytes"): 273M, peak: 288M

vm_info: OpenJDK 64-Bit Server VM (17.0.8.1+1) for windows-amd64 JRE (17.0.8.1+1), built on Aug 23 2023 15:29:17 by "admin" with MS VC++ 16.7 (VS2019)

END.
